#
# There is insufficient memory for the Java Runtime Environment to continue.
# Native memory allocation (malloc) failed to allocate 1048576 bytes for AllocateHeap
# Possible reasons:
#   The system is out of physical RAM or swap space
#   The process is running with CompressedOops enabled, and the Java Heap may be blocking the growth of the native heap
# Possible solutions:
#   Reduce memory load on the system
#   Increase physical memory or swap space
#   Check if swap backing store is full
#   Decrease Java heap size (-Xmx/-Xms)
#   Decrease number of Java threads
#   Decrease Java thread stack sizes (-Xss)
#   Set larger code cache with -XX:ReservedCodeCacheSize=
#   JVM is running with Unscaled Compressed Oops mode in which the Java heap is
#     placed in the first 4GB address space. The Java Heap base address is the
#     maximum limit for the native heap growth. Please use -XX:HeapBaseMinAddress
#     to set the Java Heap base and to place the Java Heap above 4GB virtual address.
# This output file may be truncated or incomplete.
#
#  Out of Memory Error (./open/src/hotspot/share/memory/allocation.cpp:46), pid=14620, tid=9280
#
# JRE version:  (11.0.18+9) (build )
# Java VM: Java HotSpot(TM) 64-Bit Server VM (11.0.18+9-LTS-195, mixed mode, sharing, tiered, compressed oops, g1 gc, windows-amd64)
# No core dump will be written. Minidumps are not enabled by default on client versions of Windows
#

---------------  S U M M A R Y ------------

Command Line: -Xmx64m -Xms64m -Dorg.gradle.appname=gradlew org.gradle.wrapper.GradleWrapperMain app:installDebug -PreactNativeDevServerPort=8081

Host: Intel(R) Core(TM) i7-9700 CPU @ 3.00GHz, 8 cores, 15G,  Windows 10 , 64 bit Build 19041 (10.0.19041.2913)
Time: Tue May 16 21:18:45 2023 Malay Peninsula Standard Time elapsed time: 0.009755 seconds (0d 0h 0m 0s)

---------------  T H R E A D  ---------------

Current thread (0x00000252c4d37000):  JavaThread "Unknown thread" [_thread_in_vm, id=9280, stack(0x000000c2e4900000,0x000000c2e4a00000)]

Stack: [0x000000c2e4900000,0x000000c2e4a00000]
Native frames: (J=compiled Java code, j=interpreted, Vv=VM code, C=native code)
V  [jvm.dll+0x65d8aa]
V  [jvm.dll+0x79fc1f]
V  [jvm.dll+0x7a12e9]
V  [jvm.dll+0x7a1983]
V  [jvm.dll+0x2585b5]
V  [jvm.dll+0xb1244]
V  [jvm.dll+0x2e9038]
V  [jvm.dll+0x779247]
V  [jvm.dll+0x77ab3f]
V  [jvm.dll+0x36bb59]
V  [jvm.dll+0x75dd4f]
V  [jvm.dll+0x3dd5b7]
V  [jvm.dll+0x3df661]
C  [jli.dll+0x52e7]
C  [ucrtbase.dll+0x21bb2]
C  [KERNEL32.DLL+0x17614]
C  [ntdll.dll+0x526a1]


---------------  P R O C E S S  ---------------

Threads class SMR info:
_java_thread_list=0x00000252c2c791d0, length=0, elements={
}

Java Threads: ( => current thread )

Other Threads:

=>0x00000252c4d37000 (exited) JavaThread "Unknown thread" [_thread_in_vm, id=9280, stack(0x000000c2e4900000,0x000000c2e4a00000)]

Threads with active compile tasks:

VM state:not at safepoint (not fully initialized)

VM Mutex/Monitor currently owned by a thread: None


[error occurred during error reporting (printing compressed oops mode), id 0xc0000005, EXCEPTION_ACCESS_VIOLATION (0xc0000005) at pc=0x00007ffeaa86a157]

GC Heap History (0 events):
No events

Deoptimization events (0 events):
No events

Classes redefined (0 events):
No events

Internal exceptions (0 events):
No events

Events (0 events):
No events


Dynamic libraries:
0x00007ff6c7620000 - 0x00007ff6c7630000 	C:\Program Files\Java\jdk-11\bin\java.exe
0x00007fff11270000 - 0x00007fff11468000 	C:\Windows\SYSTEM32\ntdll.dll
0x00007fff11170000 - 0x00007fff1122f000 	C:\Windows\System32\KERNEL32.DLL
0x00007fff0ecc0000 - 0x00007fff0efb6000 	C:\Windows\System32\KERNELBASE.dll
0x00007fff0f070000 - 0x00007fff0f170000 	C:\Windows\System32\ucrtbase.dll
0x00007fff09a20000 - 0x00007fff09a3b000 	C:\Program Files\Java\jdk-11\bin\VCRUNTIME140.dll
0x00007fff07010000 - 0x00007fff07028000 	C:\Program Files\Java\jdk-11\bin\jli.dll
0x00007fff101f0000 - 0x00007fff1029f000 	C:\Windows\System32\ADVAPI32.dll
0x00007fff10c50000 - 0x00007fff10cee000 	C:\Windows\System32\msvcrt.dll
0x00007fff102b0000 - 0x00007fff1034c000 	C:\Windows\System32\sechost.dll
0x00007fff0f2d0000 - 0x00007fff0f3f6000 	C:\Windows\System32\RPCRT4.dll
0x00007fff0fff0000 - 0x00007fff1018d000 	C:\Windows\System32\USER32.dll
0x00007fff0e950000 - 0x00007fff0e972000 	C:\Windows\System32\win32u.dll
0x00007fff01680000 - 0x00007fff0191a000 	C:\Windows\WinSxS\amd64_microsoft.windows.common-controls_6595b64144ccf1df_6.0.19041.1110_none_60b5254171f9507e\COMCTL32.dll
0x00007fff0f610000 - 0x00007fff0f63c000 	C:\Windows\System32\GDI32.dll
0x00007fff0eba0000 - 0x00007fff0ecb5000 	C:\Windows\System32\gdi32full.dll
0x00007fff0eb00000 - 0x00007fff0eb9d000 	C:\Windows\System32\msvcp_win.dll
0x00007fff094e0000 - 0x00007fff094ea000 	C:\Windows\SYSTEM32\VERSION.dll
0x00007fff0f640000 - 0x00007fff0f670000 	C:\Windows\System32\IMM32.DLL
0x00007fff0a600000 - 0x00007fff0a60c000 	C:\Program Files\Java\jdk-11\bin\vcruntime140_1.dll
0x00007ffee4480000 - 0x00007ffee450e000 	C:\Program Files\Java\jdk-11\bin\msvcp140.dll
0x00007ffeaa0f0000 - 0x00007ffeaac58000 	C:\Program Files\Java\jdk-11\bin\server\jvm.dll
0x00007fff102a0000 - 0x00007fff102a8000 	C:\Windows\System32\PSAPI.DLL
0x00007fff0a2c0000 - 0x00007fff0a2c9000 	C:\Windows\SYSTEM32\WSOCK32.dll
0x00007ffeffc30000 - 0x00007ffeffc57000 	C:\Windows\SYSTEM32\WINMM.dll
0x00007fff10cf0000 - 0x00007fff10d5b000 	C:\Windows\System32\WS2_32.dll
0x00007fff0c830000 - 0x00007fff0c842000 	C:\Windows\SYSTEM32\kernel.appcore.dll
0x00007fff09fd0000 - 0x00007fff09fe0000 	C:\Program Files\Java\jdk-11\bin\verify.dll
0x00007ffefdd00000 - 0x00007ffefdee4000 	C:\Windows\SYSTEM32\DBGHELP.DLL
0x00007ffef8f30000 - 0x00007ffef8f64000 	C:\Windows\SYSTEM32\dbgcore.DLL
0x00007fff0ea70000 - 0x00007fff0eaf2000 	C:\Windows\System32\bcryptPrimitives.dll
0x00007ffeef3b0000 - 0x00007ffeef3d8000 	C:\Program Files\Java\jdk-11\bin\java.dll
0x00007fff09fc0000 - 0x00007fff09fca000 	C:\Program Files\Java\jdk-11\bin\jimage.dll
0x00007fff09ce0000 - 0x00007fff09cf7000 	C:\Program Files\Java\jdk-11\bin\zip.dll

dbghelp: loaded successfully - version: 4.0.5 - missing functions: none
symbol engine: initialized successfully - sym options: 0x614 - pdb path: .;C:\Program Files\Java\jdk-11\bin;C:\Windows\SYSTEM32;C:\Windows\WinSxS\amd64_microsoft.windows.common-controls_6595b64144ccf1df_6.0.19041.1110_none_60b5254171f9507e;C:\Program Files\Java\jdk-11\bin\server

VM Arguments:
jvm_args: -Xmx64m -Xms64m -Dorg.gradle.appname=gradlew 
java_command: org.gradle.wrapper.GradleWrapperMain app:installDebug -PreactNativeDevServerPort=8081
java_class_path (initial): E:\TypeORM_SQLite\TypeORM_SQLite\android\\gradle\wrapper\gradle-wrapper.jar
Launcher Type: SUN_STANDARD

[Global flags]
     intx CICompilerCount                          = 4                                         {product} {ergonomic}
     uint G1ConcRefinementThreads                  = 8                                         {product} {ergonomic}
   size_t G1HeapRegionSize                         = 1048576                                   {product} {ergonomic}
    uintx GCDrainStackTargetSize                   = 64                                        {product} {ergonomic}
   size_t InitialHeapSize                          = 67108864                                  {product} {command line}
   size_t MaxHeapSize                              = 67108864                                  {product} {command line}
   size_t MinHeapDeltaBytes                        = 1048576                                   {product} {ergonomic}
    uintx NonNMethodCodeHeapSize                   = 5836300                                {pd product} {ergonomic}
    uintx NonProfiledCodeHeapSize                  = 122910970                              {pd product} {ergonomic}
    uintx ProfiledCodeHeapSize                     = 122910970                              {pd product} {ergonomic}
    uintx ReservedCodeCacheSize                    = 251658240                              {pd product} {ergonomic}
     bool SegmentedCodeCache                       = true                                      {product} {ergonomic}
     bool UseCompressedClassPointers               = true                                 {lp64_product} {ergonomic}
     bool UseCompressedOops                        = true                                 {lp64_product} {ergonomic}
     bool UseG1GC                                  = true                                      {product} {ergonomic}
     bool UseLargePagesIndividualAllocation        = false                                  {pd product} {ergonomic}

Logging:
Log output configuration:
 #0: stdout all=warning uptime,level,tags
 #1: stderr all=off uptime,level,tags

Environment Variables:
JAVA_HOME=C:\Program Files\Java\jdk-11
CLASSPATH=E:\TypeORM_SQLite\TypeORM_SQLite\android\\gradle\wrapper\gradle-wrapper.jar
PATH=E:\TypeORM_SQLite\TypeORM_SQLite\android\node_modules\.bin;E:\TypeORM_SQLite\TypeORM_SQLite\node_modules\.bin;E:\TypeORM_SQLite\node_modules\.bin;E:\node_modules\.bin;C:\Program Files\nodejs;E:\TypeORM_SQLite\TypeORM_SQLite\node_modules\.bin;E:\TypeORM_SQLite\TypeORM_SQLite\node_modules\.bin;E:\TypeORM_SQLite\node_modules\.bin;E:\node_modules\.bin;C:\Users\Moi\AppData\Roaming\nvm\v16.19.1\node_modules\npm\node_modules\@npmcli\run-script\lib\node-gyp-bin;E:\TypeORM_SQLite\TypeORM_SQLite\node_modules\.bin;E:\TypeORM_SQLite\node_modules\.bin;E:\node_modules\.bin;C:\Program Files\nodejs;C:\Users\Moi\AppData\Local\Temp\yarn--1684243120397-0.5021815733798749;E:\TypeORM_SQLite\TypeORM_SQLite\node_modules\.bin;C:\Users\Moi\AppData\Local\Yarn\Data\link\node_modules\.bin;C:\Users\Moi\AppData\Local\Yarn\bin;C:\Program Files\libexec\lib\node_modules\npm\bin\node-gyp-bin;C:\Program Files\lib\node_modules\npm\bin\node-gyp-bin;C:\Program Files\nodejs\node_modules\npm\bin\node-gyp-bin;C:\Users\Moi\AppData\Local\Microsoft\WindowsApps;C:\Users\Moi\AppData\Local\GitHubDesktop\bin;C:\Users\Moi\AppData\Roaming\npm;C:\Users\Moi\AppData\Local\Programs\Microsoft VS Code\bin;C:\Users\Moi\AppData\Roaming\nvm;C:\Program Files\nodejs;C:\Users\Moi\AppData\Roaming\Composer\vendor\bin;C:\wamp64\bin\php\php8.1.13;C:\Users\Moi\AppData\Local\Packages\PythonSoftwareFoundation.Python.3.10_qbz5n2kfra8p0\LocalCache\local-packages\Python310\Scripts;c:\users\moi\appdata\local\packages\pythonsoftwarefoundation.python.3.10_qbz5n2kfra8p0\localcache\local-packages\python310\site-packages;C:\Program Files\Git\cmd;C:\Program Files\dotnet\;C:\Users\Moi\.android;C:\sqlite3;C:\Users\Moi\AppData\Local\Microsoft\WindowsApps;C:\Users\Moi\AppData\Local\GitHubDesktop\bin;C:\Users\Moi\AppData\Roaming\npm;C:\Users\Moi\AppData\Local\Programs\Microsoft VS Code\bin;C:\Users\Moi\AppData\Roaming\nvm;C:\Program Files\nodejs;C:\Users\Moi\AppData\Roaming\Composer\vendor\bin;C:\wamp64\bin\php\php8.1.13;C:\Users\Moi\AppData\Loca
USERNAME=Moi
OS=Windows_NT
PROCESSOR_IDENTIFIER=Intel64 Family 6 Model 158 Stepping 13, GenuineIntel



---------------  S Y S T E M  ---------------

OS: Windows 10 , 64 bit Build 19041 (10.0.19041.2913)

CPU:total 8 (initial active 8) (8 cores per cpu, 1 threads per core) family 6 model 158 stepping 13 microcode 0xca, cmov, cx8, fxsr, mmx, sse, sse2, sse3, ssse3, sse4.1, sse4.2, popcnt, avx, avx2, aes, clmul, erms, 3dnowpref, lzcnt, tsc, tscinvbit, bmi1, bmi2, adx, fma

Memory: 4k page, system-wide physical 16328M (4264M free)
TotalPageFile size 18376M (AvailPageFile size 5M)
current process WorkingSet (physical memory assigned to process): 10M, peak: 10M
current process commit charge ("private bytes"): 17M, peak: 18M

vm_info: Java HotSpot(TM) 64-Bit Server VM (11.0.18+9-LTS-195) for windows-amd64 JRE (11.0.18+9-LTS-195), built on Dec  6 2022 15:50:58 by "mach5one" with MS VC++ 17.1 (VS2022)

END.
