#
# There is insufficient memory for the Java Runtime Environment to continue.
# Native memory allocation (malloc) failed to allocate 1012256 bytes for Chunk::new
# Possible reasons:
#   The system is out of physical RAM or swap space
#   The process is running with CompressedOops enabled, and the Java Heap may be blocking the growth of the native heap
# Possible solutions:
#   Reduce memory load on the system
#   Increase physical memory or swap space
#   Check if swap backing store is full
#   Decrease Java heap size (-Xmx/-Xms)
#   Decrease number of Java threads
#   Decrease Java thread stack sizes (-Xss)
#   Set larger code cache with -XX:ReservedCodeCacheSize=
#   JVM is running with Unscaled Compressed Oops mode in which the Java heap is
#     placed in the first 4GB address space. The Java Heap base address is the
#     maximum limit for the native heap growth. Please use -XX:HeapBaseMinAddress
#     to set the Java Heap base and to place the Java Heap above 4GB virtual address.
# This output file may be truncated or incomplete.
#
#  Out of Memory Error (./open/src/hotspot/share/memory/arena.cpp:197), pid=7224, tid=15520
#
# JRE version: Java(TM) SE Runtime Environment 18.9 (11.0.18+9) (build 11.0.18+9-LTS-195)
# Java VM: Java HotSpot(TM) 64-Bit Server VM 18.9 (11.0.18+9-LTS-195, mixed mode, tiered, compressed oops, g1 gc, windows-amd64)
# No core dump will be written. Minidumps are not enabled by default on client versions of Windows
#

---------------  S U M M A R Y ------------

Command Line: -XX:MaxMetaspaceSize=512m --add-opens=java.base/java.util=ALL-UNNAMED --add-opens=java.base/java.lang=ALL-UNNAMED --add-opens=java.base/java.lang.invoke=ALL-UNNAMED --add-opens=java.base/java.util=ALL-UNNAMED --add-opens=java.prefs/java.util.prefs=ALL-UNNAMED --add-opens=java.prefs/java.util.prefs=ALL-UNNAMED --add-opens=java.base/java.nio.charset=ALL-UNNAMED --add-opens=java.base/java.net=ALL-UNNAMED --add-opens=java.base/java.util.concurrent.atomic=ALL-UNNAMED -Xmx2048m -Dfile.encoding=windows-1252 -Duser.country=US -Duser.language=en -Duser.variant org.gradle.launcher.daemon.bootstrap.GradleDaemon 7.5.1

Host: Intel(R) Core(TM) i7-9700 CPU @ 3.00GHz, 8 cores, 15G,  Windows 10 , 64 bit Build 19041 (10.0.19041.2913)
Time: Mon May 15 13:08:25 2023 Malay Peninsula Standard Time elapsed time: 26.798453 seconds (0d 0h 0m 26s)

---------------  T H R E A D  ---------------

Current thread (0x0000018c7c6d6800):  JavaThread "C2 CompilerThread2" daemon [_thread_in_native, id=15520, stack(0x000000743dc00000,0x000000743dd00000)]


Current CompileTask:
C2:  26798 13473       4       org.gradle.internal.watch.registry.impl.WatchableHierarchies$RemoveUnwatchedFiles::shouldBeRemoved (55 bytes)

Stack: [0x000000743dc00000,0x000000743dd00000]
Native frames: (J=compiled Java code, j=interpreted, Vv=VM code, C=native code)
V  [jvm.dll+0x65d8aa]
V  [jvm.dll+0x79fc1f]
V  [jvm.dll+0x7a12e9]
V  [jvm.dll+0x7a1983]
V  [jvm.dll+0x2585b5]
V  [jvm.dll+0xb284c]
V  [jvm.dll+0xb2e0c]
V  [jvm.dll+0x2c9c42]
V  [jvm.dll+0x56d7dc]
V  [jvm.dll+0x21a251]
V  [jvm.dll+0x213a35]
V  [jvm.dll+0x210264]
V  [jvm.dll+0x18c641]
V  [jvm.dll+0x220609]
V  [jvm.dll+0x21e92c]
V  [jvm.dll+0x763f61]
V  [jvm.dll+0x75c924]
V  [jvm.dll+0x65c755]
C  [ucrtbase.dll+0x21bb2]
C  [KERNEL32.DLL+0x17614]
C  [ntdll.dll+0x526a1]


---------------  P R O C E S S  ---------------

Threads class SMR info:
_java_thread_list=0x0000018c0405f720, length=120, elements={
0x0000018c5c1b8800, 0x0000018c7a232800, 0x0000018c7aa8c800, 0x0000018c7aa97000,
0x0000018c7aa98800, 0x0000018c7aa9f000, 0x0000018c7aaa0000, 0x0000018c7aaa8800,
0x0000018c7aaac000, 0x0000018c7ac0d000, 0x0000018c7cc2c800, 0x0000018c7ad1f800,
0x0000018c7bedd800, 0x0000018c7c261800, 0x0000018c7cc4f800, 0x0000018c7cfa7000,
0x0000018c7d0ba800, 0x0000018c7d6cf800, 0x0000018c7d7fa800, 0x0000018c7d03e000,
0x0000018c7d03b800, 0x0000018c7d03c800, 0x0000018c7d03d800, 0x0000018c003ca800,
0x0000018c003cd800, 0x0000018c003d1000, 0x0000018c003d0000, 0x0000018c003d4000,
0x0000018c003d7800, 0x0000018c003d5800, 0x0000018c003d6800, 0x0000018c003d1800,
0x0000018c003d8000, 0x0000018c003d2800, 0x0000018c01413000, 0x0000018c01414800,
0x0000018c01415800, 0x0000018c01413800, 0x0000018c01412000, 0x0000018c0141b000,
0x0000018c01418800, 0x0000018c0141c000, 0x0000018c0141a000, 0x0000018c01416000,
0x0000018c01417000, 0x0000018c0141d800, 0x0000018c01419800, 0x0000018c01418000,
0x0000018c0141c800, 0x0000018c0141e800, 0x0000018c0141f000, 0x0000018c01421000,
0x0000018c01420000, 0x0000018c00e30000, 0x0000018c00e31000, 0x0000018c00e31800,
0x0000018c00e2f000, 0x0000018c00e32800, 0x0000018c00e33800, 0x0000018c00e2d800,
0x0000018c00e34000, 0x0000018c00e2e800, 0x0000018c00e35000, 0x0000018c00e3b800,
0x0000018c00e38000, 0x0000018c00e36000, 0x0000018c00e39000, 0x0000018c00e37800,
0x0000018c00e3a000, 0x0000018c00e36800, 0x0000018c7e04d800, 0x0000018c7e055000,
0x0000018c7e052800, 0x0000018c7e056000, 0x0000018c7e058800, 0x0000018c7e056800,
0x0000018c7e059000, 0x0000018c7e053800, 0x0000018c7e057800, 0x0000018c7e054000,
0x0000018c017ea000, 0x0000018c017ee000, 0x0000018c017ee800, 0x0000018c017ed000,
0x0000018c017f0800, 0x0000018c017ea800, 0x0000018c017eb800, 0x0000018c017ef800,
0x0000018c017ec800, 0x0000018c0453b000, 0x0000018c04538800, 0x0000018c04536000,
0x0000018c0453b800, 0x0000018c0453a000, 0x0000018c0453c800, 0x0000018c04537000,
0x0000018c0453d800, 0x0000018c04537800, 0x0000018c0453e000, 0x0000018c0453f000,
0x0000018c04539800, 0x0000018c04544800, 0x0000018c04543000, 0x0000018c04540000,
0x0000018c04540800, 0x0000018c04541800, 0x0000018c04542800, 0x0000018c04544000,
0x0000018c04426000, 0x0000018c04428800, 0x0000018c0442a000, 0x0000018c04429000,
0x0000018c04425000, 0x0000018c04427800, 0x0000018c0442c800, 0x0000018c0442b000,
0x0000018c0442b800, 0x0000018c04427000, 0x0000018c7c6db800, 0x0000018c7c6d6800
}

Java Threads: ( => current thread )
  0x0000018c5c1b8800 JavaThread "main" [_thread_blocked, id=3500, stack(0x0000007437f00000,0x0000007438000000)]
  0x0000018c7a232800 JavaThread "Reference Handler" daemon [_thread_blocked, id=12224, stack(0x0000007438600000,0x0000007438700000)]
  0x0000018c7aa8c800 JavaThread "Finalizer" daemon [_thread_blocked, id=17964, stack(0x0000007438700000,0x0000007438800000)]
  0x0000018c7aa97000 JavaThread "Signal Dispatcher" daemon [_thread_blocked, id=10972, stack(0x0000007438800000,0x0000007438900000)]
  0x0000018c7aa98800 JavaThread "Attach Listener" daemon [_thread_blocked, id=15384, stack(0x0000007438900000,0x0000007438a00000)]
  0x0000018c7aa9f000 JavaThread "Service Thread" daemon [_thread_blocked, id=16832, stack(0x0000007438a00000,0x0000007438b00000)]
  0x0000018c7aaa0000 JavaThread "C2 CompilerThread0" daemon [_thread_in_native, id=13664, stack(0x0000007438b00000,0x0000007438c00000)]
  0x0000018c7aaa8800 JavaThread "C1 CompilerThread0" daemon [_thread_blocked, id=18864, stack(0x0000007438c00000,0x0000007438d00000)]
  0x0000018c7aaac000 JavaThread "Sweeper thread" daemon [_thread_blocked, id=10344, stack(0x0000007438d00000,0x0000007438e00000)]
  0x0000018c7ac0d000 JavaThread "Common-Cleaner" daemon [_thread_blocked, id=5568, stack(0x0000007438e00000,0x0000007438f00000)]
  0x0000018c7cc2c800 JavaThread "Daemon health stats" [_thread_blocked, id=17316, stack(0x0000007439700000,0x0000007439800000)]
  0x0000018c7ad1f800 JavaThread "Incoming local TCP Connector on port 61372" [_thread_in_native, id=18868, stack(0x0000007439000000,0x0000007439100000)]
  0x0000018c7bedd800 JavaThread "Daemon periodic checks" [_thread_blocked, id=7960, stack(0x0000007439600000,0x0000007439700000)]
  0x0000018c7c261800 JavaThread "Daemon" [_thread_blocked, id=6696, stack(0x0000007439800000,0x0000007439900000)]
  0x0000018c7cc4f800 JavaThread "Handler for socket connection from /127.0.0.1:61372 to /127.0.0.1:61373" [_thread_in_native, id=5020, stack(0x0000007439900000,0x0000007439a00000)]
  0x0000018c7cfa7000 JavaThread "Cancel handler" [_thread_blocked, id=7768, stack(0x0000007439a00000,0x0000007439b00000)]
  0x0000018c7d0ba800 JavaThread "Daemon worker" [_thread_in_vm, id=14036, stack(0x0000007439b00000,0x0000007439c00000)]
  0x0000018c7d6cf800 JavaThread "Asynchronous log dispatcher for DefaultDaemonConnection: socket connection from /127.0.0.1:61372 to /127.0.0.1:61373" [_thread_blocked, id=9532, stack(0x0000007439c00000,0x0000007439d00000)]
  0x0000018c7d7fa800 JavaThread "Stdin handler" [_thread_blocked, id=9860, stack(0x0000007439d00000,0x0000007439e00000)]
  0x0000018c7d03e000 JavaThread "Daemon client event forwarder" [_thread_blocked, id=15580, stack(0x0000007439e00000,0x0000007439f00000)]
  0x0000018c7d03b800 JavaThread "Cache worker for journal cache (C:\Users\Moi\.gradle\caches\journal-1)" [_thread_blocked, id=2788, stack(0x0000007439f00000,0x000000743a000000)]
  0x0000018c7d03c800 JavaThread "File lock request listener" [_thread_in_native, id=1448, stack(0x000000743a000000,0x000000743a100000)]
  0x0000018c7d03d800 JavaThread "Cache worker for file hash cache (C:\Users\Moi\.gradle\caches\7.5.1\fileHashes)" [_thread_blocked, id=12032, stack(0x000000743a100000,0x000000743a200000)]
  0x0000018c003ca800 JavaThread "File watcher server" daemon [_thread_in_native, id=18480, stack(0x000000743a700000,0x000000743a800000)]
  0x0000018c003cd800 JavaThread "File watcher consumer" daemon [_thread_blocked, id=6500, stack(0x000000743a800000,0x000000743a900000)]
  0x0000018c003d1000 JavaThread "Cache worker for file content cache (C:\Users\Moi\.gradle\caches\7.5.1\fileContent)" [_thread_blocked, id=7372, stack(0x000000743ab00000,0x000000743ac00000)]
  0x0000018c003d0000 JavaThread "Cache worker for execution history cache (C:\Users\Moi\.gradle\caches\7.5.1\executionHistory)" [_thread_blocked, id=7476, stack(0x000000743ae00000,0x000000743af00000)]
  0x0000018c003d4000 JavaThread "jar transforms" [_thread_blocked, id=1556, stack(0x000000743af00000,0x000000743b000000)]
  0x0000018c003d7800 JavaThread "jar transforms Thread 2" [_thread_blocked, id=2500, stack(0x000000743b000000,0x000000743b100000)]
  0x0000018c003d5800 JavaThread "jar transforms Thread 3" [_thread_blocked, id=13748, stack(0x000000743b100000,0x000000743b200000)]
  0x0000018c003d6800 JavaThread "jar transforms Thread 4" [_thread_blocked, id=15696, stack(0x000000743b200000,0x000000743b300000)]
  0x0000018c003d1800 JavaThread "Cache worker for kotlin-dsl (C:\Users\Moi\.gradle\caches\7.5.1\kotlin-dsl)" [_thread_blocked, id=1704, stack(0x000000743b300000,0x000000743b400000)]
  0x0000018c003d8000 JavaThread "jar transforms Thread 5" [_thread_blocked, id=2256, stack(0x000000743b400000,0x000000743b500000)]
  0x0000018c003d2800 JavaThread "jar transforms Thread 6" [_thread_blocked, id=9544, stack(0x000000743b500000,0x000000743b600000)]
  0x0000018c01413000 JavaThread "jar transforms Thread 7" [_thread_blocked, id=5912, stack(0x000000743b800000,0x000000743b900000)]
  0x0000018c01414800 JavaThread "Unconstrained build operations" [_thread_blocked, id=12436, stack(0x000000743ba00000,0x000000743bb00000)]
  0x0000018c01415800 JavaThread "Unconstrained build operations Thread 2" [_thread_blocked, id=4892, stack(0x000000743bb00000,0x000000743bc00000)]
  0x0000018c01413800 JavaThread "Unconstrained build operations Thread 3" [_thread_blocked, id=10656, stack(0x000000743bc00000,0x000000743bd00000)]
  0x0000018c01412000 JavaThread "Unconstrained build operations Thread 4" [_thread_blocked, id=1916, stack(0x000000743bd00000,0x000000743be00000)]
  0x0000018c0141b000 JavaThread "Unconstrained build operations Thread 5" [_thread_blocked, id=9404, stack(0x000000743be00000,0x000000743bf00000)]
  0x0000018c01418800 JavaThread "Unconstrained build operations Thread 6" [_thread_blocked, id=2476, stack(0x000000743bf00000,0x000000743c000000)]
  0x0000018c0141c000 JavaThread "Unconstrained build operations Thread 7" [_thread_blocked, id=12696, stack(0x000000743c000000,0x000000743c100000)]
  0x0000018c0141a000 JavaThread "Unconstrained build operations Thread 8" [_thread_blocked, id=19796, stack(0x000000743c100000,0x000000743c200000)]
  0x0000018c01416000 JavaThread "Unconstrained build operations Thread 9" [_thread_blocked, id=4292, stack(0x000000743c200000,0x000000743c300000)]
  0x0000018c01417000 JavaThread "Unconstrained build operations Thread 10" [_thread_blocked, id=13252, stack(0x000000743c300000,0x000000743c400000)]
  0x0000018c0141d800 JavaThread "Unconstrained build operations Thread 11" [_thread_blocked, id=12188, stack(0x000000743c400000,0x000000743c500000)]
  0x0000018c01419800 JavaThread "Unconstrained build operations Thread 12" [_thread_blocked, id=9456, stack(0x000000743c500000,0x000000743c600000)]
  0x0000018c01418000 JavaThread "Unconstrained build operations Thread 13" [_thread_blocked, id=6800, stack(0x000000743c600000,0x000000743c700000)]
  0x0000018c0141c800 JavaThread "Unconstrained build operations Thread 14" [_thread_blocked, id=19648, stack(0x000000743c700000,0x000000743c800000)]
  0x0000018c0141e800 JavaThread "Unconstrained build operations Thread 15" [_thread_blocked, id=8668, stack(0x000000743c800000,0x000000743c900000)]
  0x0000018c0141f000 JavaThread "Unconstrained build operations Thread 16" [_thread_blocked, id=2520, stack(0x000000743c900000,0x000000743ca00000)]
  0x0000018c01421000 JavaThread "Unconstrained build operations Thread 17" [_thread_blocked, id=11372, stack(0x000000743ca00000,0x000000743cb00000)]
  0x0000018c01420000 JavaThread "Unconstrained build operations Thread 18" [_thread_blocked, id=11664, stack(0x000000743cb00000,0x000000743cc00000)]
  0x0000018c00e30000 JavaThread "Unconstrained build operations Thread 19" [_thread_blocked, id=14812, stack(0x000000743cc00000,0x000000743cd00000)]
  0x0000018c00e31000 JavaThread "Unconstrained build operations Thread 20" [_thread_blocked, id=20468, stack(0x000000743cd00000,0x000000743ce00000)]
  0x0000018c00e31800 JavaThread "Unconstrained build operations Thread 21" [_thread_blocked, id=19592, stack(0x000000743ce00000,0x000000743cf00000)]
  0x0000018c00e2f000 JavaThread "Unconstrained build operations Thread 22" [_thread_blocked, id=8548, stack(0x000000743cf00000,0x000000743d000000)]
  0x0000018c00e32800 JavaThread "Unconstrained build operations Thread 23" [_thread_blocked, id=10584, stack(0x000000743d000000,0x000000743d100000)]
  0x0000018c00e33800 JavaThread "Unconstrained build operations Thread 24" [_thread_blocked, id=10944, stack(0x000000743d100000,0x000000743d200000)]
  0x0000018c00e2d800 JavaThread "Unconstrained build operations Thread 25" [_thread_blocked, id=476, stack(0x000000743d200000,0x000000743d300000)]
  0x0000018c00e34000 JavaThread "Unconstrained build operations Thread 26" [_thread_blocked, id=19336, stack(0x000000743d300000,0x000000743d400000)]
  0x0000018c00e2e800 JavaThread "Unconstrained build operations Thread 27" [_thread_blocked, id=7572, stack(0x000000743d400000,0x000000743d500000)]
  0x0000018c00e35000 JavaThread "Unconstrained build operations Thread 28" [_thread_blocked, id=8248, stack(0x000000743d500000,0x000000743d600000)]
  0x0000018c00e3b800 JavaThread "Unconstrained build operations Thread 29" [_thread_blocked, id=18876, stack(0x000000743d600000,0x000000743d700000)]
  0x0000018c00e38000 JavaThread "Unconstrained build operations Thread 30" [_thread_blocked, id=15876, stack(0x000000743d700000,0x000000743d800000)]
  0x0000018c00e36000 JavaThread "Unconstrained build operations Thread 31" [_thread_blocked, id=12268, stack(0x000000743d800000,0x000000743d900000)]
  0x0000018c00e39000 JavaThread "Unconstrained build operations Thread 32" [_thread_blocked, id=20316, stack(0x000000743d900000,0x000000743da00000)]
  0x0000018c00e37800 JavaThread "Unconstrained build operations Thread 33" [_thread_blocked, id=8328, stack(0x000000743da00000,0x000000743db00000)]
  0x0000018c00e3a000 JavaThread "jar transforms Thread 8" [_thread_blocked, id=15484, stack(0x000000743db00000,0x000000743dc00000)]
  0x0000018c00e36800 JavaThread "Memory manager" [_thread_blocked, id=1784, stack(0x000000743dd00000,0x000000743de00000)]
  0x0000018c7e04d800 JavaThread "included builds" [_thread_blocked, id=3424, stack(0x000000743df00000,0x000000743e000000)]
  0x0000018c7e055000 JavaThread "Unconstrained build operations Thread 34" [_thread_blocked, id=18812, stack(0x000000743a500000,0x000000743a600000)]
  0x0000018c7e052800 JavaThread "Unconstrained build operations Thread 35" [_thread_blocked, id=8264, stack(0x000000743de00000,0x000000743df00000)]
  0x0000018c7e056000 JavaThread "Unconstrained build operations Thread 36" [_thread_blocked, id=19960, stack(0x000000743e800000,0x000000743e900000)]
  0x0000018c7e058800 JavaThread "Unconstrained build operations Thread 37" [_thread_blocked, id=12272, stack(0x000000743e900000,0x000000743ea00000)]
  0x0000018c7e056800 JavaThread "Unconstrained build operations Thread 38" [_thread_blocked, id=17820, stack(0x000000743ea00000,0x000000743eb00000)]
  0x0000018c7e059000 JavaThread "Unconstrained build operations Thread 39" [_thread_blocked, id=14608, stack(0x000000743eb00000,0x000000743ec00000)]
  0x0000018c7e053800 JavaThread "Unconstrained build operations Thread 40" [_thread_blocked, id=16048, stack(0x000000743ec00000,0x000000743ed00000)]
  0x0000018c7e057800 JavaThread "Unconstrained build operations Thread 41" [_thread_blocked, id=20120, stack(0x000000743ed00000,0x000000743ee00000)]
  0x0000018c7e054000 JavaThread "Unconstrained build operations Thread 42" [_thread_blocked, id=10824, stack(0x000000743ee00000,0x000000743ef00000)]
  0x0000018c017ea000 JavaThread "Unconstrained build operations Thread 43" [_thread_blocked, id=9060, stack(0x000000743ef00000,0x000000743f000000)]
  0x0000018c017ee000 JavaThread "Unconstrained build operations Thread 44" [_thread_blocked, id=13212, stack(0x000000743f000000,0x000000743f100000)]
  0x0000018c017ee800 JavaThread "Unconstrained build operations Thread 45" [_thread_blocked, id=8196, stack(0x000000743f100000,0x000000743f200000)]
  0x0000018c017ed000 JavaThread "Unconstrained build operations Thread 46" [_thread_blocked, id=7012, stack(0x000000743f200000,0x000000743f300000)]
  0x0000018c017f0800 JavaThread "Unconstrained build operations Thread 47" [_thread_blocked, id=5448, stack(0x000000743f300000,0x000000743f400000)]
  0x0000018c017ea800 JavaThread "Unconstrained build operations Thread 48" [_thread_blocked, id=4200, stack(0x000000743f400000,0x000000743f500000)]
  0x0000018c017eb800 JavaThread "Unconstrained build operations Thread 49" [_thread_blocked, id=15168, stack(0x000000743f500000,0x000000743f600000)]
  0x0000018c017ef800 JavaThread "Unconstrained build operations Thread 50" [_thread_blocked, id=18512, stack(0x000000743f600000,0x000000743f700000)]
  0x0000018c017ec800 JavaThread "Unconstrained build operations Thread 51" [_thread_blocked, id=8928, stack(0x000000743f700000,0x000000743f800000)]
  0x0000018c0453b000 JavaThread "Unconstrained build operations Thread 52" [_thread_blocked, id=16540, stack(0x000000743f800000,0x000000743f900000)]
  0x0000018c04538800 JavaThread "Unconstrained build operations Thread 53" [_thread_blocked, id=15412, stack(0x000000743f900000,0x000000743fa00000)]
  0x0000018c04536000 JavaThread "Unconstrained build operations Thread 54" [_thread_blocked, id=12432, stack(0x000000743fa00000,0x000000743fb00000)]
  0x0000018c0453b800 JavaThread "Unconstrained build operations Thread 55" [_thread_blocked, id=17320, stack(0x000000743fc00000,0x000000743fd00000)]
  0x0000018c0453a000 JavaThread "Unconstrained build operations Thread 56" [_thread_blocked, id=15176, stack(0x000000743fd00000,0x000000743fe00000)]
  0x0000018c0453c800 JavaThread "Unconstrained build operations Thread 57" [_thread_blocked, id=2720, stack(0x000000743fe00000,0x000000743ff00000)]
  0x0000018c04537000 JavaThread "Unconstrained build operations Thread 58" [_thread_blocked, id=15420, stack(0x000000743ff00000,0x0000007440000000)]
  0x0000018c0453d800 JavaThread "Unconstrained build operations Thread 59" [_thread_blocked, id=11028, stack(0x0000007440000000,0x0000007440100000)]
  0x0000018c04537800 JavaThread "Unconstrained build operations Thread 60" [_thread_blocked, id=9204, stack(0x0000007440100000,0x0000007440200000)]
  0x0000018c0453e000 JavaThread "Unconstrained build operations Thread 61" [_thread_blocked, id=20224, stack(0x0000007440200000,0x0000007440300000)]
  0x0000018c0453f000 JavaThread "Unconstrained build operations Thread 62" [_thread_blocked, id=13508, stack(0x0000007440300000,0x0000007440400000)]
  0x0000018c04539800 JavaThread "Unconstrained build operations Thread 63" [_thread_blocked, id=3920, stack(0x0000007440400000,0x0000007440500000)]
  0x0000018c04544800 JavaThread "Unconstrained build operations Thread 64" [_thread_blocked, id=10760, stack(0x0000007440500000,0x0000007440600000)]
  0x0000018c04543000 JavaThread "Unconstrained build operations Thread 65" [_thread_blocked, id=8592, stack(0x0000007440600000,0x0000007440700000)]
  0x0000018c04540000 JavaThread "Unconstrained build operations Thread 66" [_thread_blocked, id=5400, stack(0x0000007440700000,0x0000007440800000)]
  0x0000018c04540800 JavaThread "Unconstrained build operations Thread 67" [_thread_blocked, id=5496, stack(0x0000007440800000,0x0000007440900000)]
  0x0000018c04541800 JavaThread "Unconstrained build operations Thread 68" [_thread_blocked, id=14740, stack(0x0000007440900000,0x0000007440a00000)]
  0x0000018c04542800 JavaThread "Unconstrained build operations Thread 69" [_thread_blocked, id=20380, stack(0x0000007440a00000,0x0000007440b00000)]
  0x0000018c04544000 JavaThread "Unconstrained build operations Thread 70" [_thread_blocked, id=17648, stack(0x0000007440b00000,0x0000007440c00000)]
  0x0000018c04426000 JavaThread "Unconstrained build operations Thread 71" [_thread_blocked, id=14292, stack(0x0000007440c00000,0x0000007440d00000)]
  0x0000018c04428800 JavaThread "Unconstrained build operations Thread 72" [_thread_blocked, id=8332, stack(0x0000007440d00000,0x0000007440e00000)]
  0x0000018c0442a000 JavaThread "Unconstrained build operations Thread 73" [_thread_blocked, id=5324, stack(0x0000007440e00000,0x0000007440f00000)]
  0x0000018c04429000 JavaThread "Unconstrained build operations Thread 74" [_thread_blocked, id=9664, stack(0x0000007440f00000,0x0000007441000000)]
  0x0000018c04425000 JavaThread "Unconstrained build operations Thread 75" [_thread_blocked, id=5316, stack(0x0000007441000000,0x0000007441100000)]
  0x0000018c04427800 JavaThread "Unconstrained build operations Thread 76" [_thread_blocked, id=12300, stack(0x0000007441100000,0x0000007441200000)]
  0x0000018c0442c800 JavaThread "Unconstrained build operations Thread 77" [_thread_blocked, id=2572, stack(0x0000007441200000,0x0000007441300000)]
  0x0000018c0442b000 JavaThread "Unconstrained build operations Thread 78" [_thread_blocked, id=14476, stack(0x0000007441300000,0x0000007441400000)]
  0x0000018c0442b800 JavaThread "Unconstrained build operations Thread 79" [_thread_blocked, id=9976, stack(0x0000007441400000,0x0000007441500000)]
  0x0000018c04427000 JavaThread "Unconstrained build operations Thread 80" [_thread_blocked, id=12804, stack(0x0000007441500000,0x0000007441600000)]
  0x0000018c7c6db800 JavaThread "C2 CompilerThread1" daemon [_thread_blocked, id=11280, stack(0x000000743fb00000,0x000000743fc00000)]
=>0x0000018c7c6d6800 JavaThread "C2 CompilerThread2" daemon [_thread_in_native, id=15520, stack(0x000000743dc00000,0x000000743dd00000)]

Other Threads:
  0x0000018c7a22d800 VMThread "VM Thread" [stack: 0x0000007438500000,0x0000007438600000] [id=13884]
  0x0000018c7ac94800 WatcherThread [stack: 0x0000007438f00000,0x0000007439000000] [id=13104]
  0x0000018c5c1cf800 GCTaskThread "GC Thread#0" [stack: 0x0000007438000000,0x0000007438100000] [id=13756]
  0x0000018c7bb9f000 GCTaskThread "GC Thread#1" [stack: 0x0000007439100000,0x0000007439200000] [id=12836]
  0x0000018c7baee000 GCTaskThread "GC Thread#2" [stack: 0x0000007439200000,0x0000007439300000] [id=5176]
  0x0000018c7b8b8800 GCTaskThread "GC Thread#3" [stack: 0x0000007439300000,0x0000007439400000] [id=10284]
  0x0000018c7b8b9800 GCTaskThread "GC Thread#4" [stack: 0x0000007439400000,0x0000007439500000] [id=6068]
  0x0000018c7bac2800 GCTaskThread "GC Thread#5" [stack: 0x0000007439500000,0x0000007439600000] [id=17944]
  0x0000018c7c536000 GCTaskThread "GC Thread#6" [stack: 0x000000743a200000,0x000000743a300000] [id=20072]
  0x0000018c7c539000 GCTaskThread "GC Thread#7" [stack: 0x000000743a300000,0x000000743a400000] [id=5304]
  0x0000018c5c201800 ConcurrentGCThread "G1 Main Marker" [stack: 0x0000007438100000,0x0000007438200000] [id=10868]
  0x0000018c5c202800 ConcurrentGCThread "G1 Conc#0" [stack: 0x0000007438200000,0x0000007438300000] [id=18972]
  0x0000018c7cbf9800 ConcurrentGCThread "G1 Conc#1" [stack: 0x000000743a400000,0x000000743a500000] [id=12008]
  0x0000018c7a0b6800 ConcurrentGCThread "G1 Refine#0" [stack: 0x0000007438300000,0x0000007438400000] [id=1788]
  0x0000018c7a0b8000 ConcurrentGCThread "G1 Young RemSet Sampling" [stack: 0x0000007438400000,0x0000007438500000] [id=12044]

Threads with active compile tasks:
C2 CompilerThread0    26835 13585   !   4       java.io.ObjectOutputStream::writeObject0 (619 bytes)
C2 CompilerThread2    26835 13473       4       org.gradle.internal.watch.registry.impl.WatchableHierarchies$RemoveUnwatchedFiles::shouldBeRemoved (55 bytes)

VM state:not at safepoint (normal execution)

VM Mutex/Monitor currently owned by a thread: None

OutOfMemory and StackOverflow Exception counts:
OutOfMemoryError java_heap_errors=1
StackOverflowErrors=1
LinkageErrors=116

Heap address: 0x0000000080000000, size: 2048 MB, Compressed Oops mode: 32-bit
Narrow klass base: 0x0000000000000000, Narrow klass shift: 3
Compressed class space size: 528482304 Address: 0x0000000100000000

Heap:
 garbage-first heap   total 262144K, used 137742K [0x0000000080000000, 0x0000000100000000)
  region size 1024K, 27 young (27648K), 10 survivors (10240K)
 Metaspace       used 105021K, capacity 108015K, committed 108196K, reserved 614400K
  class space    used 13963K, capacity 15089K, committed 15104K, reserved 516096K
Heap Regions: E=young(eden), S=young(survivor), O=old, HS=humongous(starts), HC=humongous(continues), CS=collection set, F=free, A=archive, TAMS=top-at-mark-start (previous, next)
|   0|0x0000000080000000, 0x0000000080100000, 0x0000000080100000|100%| O|  |TAMS 0x0000000080100000, 0x0000000080000000| Untracked 
|   1|0x0000000080100000, 0x0000000080200000, 0x0000000080200000|100%| O|  |TAMS 0x0000000080200000, 0x0000000080100000| Untracked 
|   2|0x0000000080200000, 0x0000000080300000, 0x0000000080300000|100%| O|  |TAMS 0x0000000080300000, 0x0000000080200000| Untracked 
|   3|0x0000000080300000, 0x0000000080400000, 0x0000000080400000|100%|HS|  |TAMS 0x0000000080400000, 0x0000000080300000| Complete 
|   4|0x0000000080400000, 0x0000000080500000, 0x0000000080500000|100%|HC|  |TAMS 0x0000000080500000, 0x0000000080400000| Complete 
|   5|0x0000000080500000, 0x0000000080600000, 0x0000000080600000|100%|HC|  |TAMS 0x0000000080600000, 0x0000000080500000| Complete 
|   6|0x0000000080600000, 0x0000000080700000, 0x0000000080700000|100%| O|  |TAMS 0x0000000080700000, 0x0000000080600000| Untracked 
|   7|0x0000000080700000, 0x0000000080800000, 0x0000000080800000|100%| O|  |TAMS 0x0000000080800000, 0x0000000080700000| Untracked 
|   8|0x0000000080800000, 0x0000000080900000, 0x0000000080900000|100%| O|  |TAMS 0x0000000080900000, 0x0000000080800000| Untracked 
|   9|0x0000000080900000, 0x0000000080a00000, 0x0000000080a00000|100%| O|  |TAMS 0x0000000080a00000, 0x0000000080900000| Untracked 
|  10|0x0000000080a00000, 0x0000000080b00000, 0x0000000080b00000|100%| O|  |TAMS 0x0000000080b00000, 0x0000000080a00000| Untracked 
|  11|0x0000000080b00000, 0x0000000080c00000, 0x0000000080c00000|100%| O|  |TAMS 0x0000000080c00000, 0x0000000080b00000| Untracked 
|  12|0x0000000080c00000, 0x0000000080d00000, 0x0000000080d00000|100%| O|  |TAMS 0x0000000080d00000, 0x0000000080c00000| Untracked 
|  13|0x0000000080d00000, 0x0000000080e00000, 0x0000000080e00000|100%| O|  |TAMS 0x0000000080e00000, 0x0000000080d00000| Untracked 
|  14|0x0000000080e00000, 0x0000000080f00000, 0x0000000080f00000|100%| O|  |TAMS 0x0000000080f00000, 0x0000000080e00000| Untracked 
|  15|0x0000000080f00000, 0x0000000081000000, 0x0000000081000000|100%| O|  |TAMS 0x0000000081000000, 0x0000000080f00000| Untracked 
|  16|0x0000000081000000, 0x0000000081100000, 0x0000000081100000|100%| O|  |TAMS 0x0000000081100000, 0x0000000081000000| Untracked 
|  17|0x0000000081100000, 0x0000000081200000, 0x0000000081200000|100%|HS|  |TAMS 0x0000000081200000, 0x0000000081100000| Complete 
|  18|0x0000000081200000, 0x0000000081300000, 0x0000000081300000|100%|HS|  |TAMS 0x0000000081300000, 0x0000000081200000| Complete 
|  19|0x0000000081300000, 0x0000000081400000, 0x0000000081400000|100%|HC|  |TAMS 0x0000000081400000, 0x0000000081300000| Complete 
|  20|0x0000000081400000, 0x0000000081500000, 0x0000000081500000|100%|HC|  |TAMS 0x0000000081500000, 0x0000000081400000| Complete 
|  21|0x0000000081500000, 0x0000000081600000, 0x0000000081600000|100%| O|  |TAMS 0x0000000081600000, 0x0000000081500000| Untracked 
|  22|0x0000000081600000, 0x0000000081700000, 0x0000000081700000|100%| O|  |TAMS 0x0000000081700000, 0x0000000081600000| Untracked 
|  23|0x0000000081700000, 0x0000000081800000, 0x0000000081800000|100%| O|  |TAMS 0x0000000081800000, 0x0000000081700000| Untracked 
|  24|0x0000000081800000, 0x0000000081900000, 0x0000000081900000|100%| O|  |TAMS 0x0000000081900000, 0x0000000081800000| Untracked 
|  25|0x0000000081900000, 0x0000000081a00000, 0x0000000081a00000|100%| O|  |TAMS 0x0000000081a00000, 0x0000000081900000| Untracked 
|  26|0x0000000081a00000, 0x0000000081b00000, 0x0000000081b00000|100%| O|  |TAMS 0x0000000081b00000, 0x0000000081a00000| Untracked 
|  27|0x0000000081b00000, 0x0000000081c00000, 0x0000000081c00000|100%| O|  |TAMS 0x0000000081c00000, 0x0000000081b00000| Untracked 
|  28|0x0000000081c00000, 0x0000000081d00000, 0x0000000081d00000|100%| O|  |TAMS 0x0000000081d00000, 0x0000000081c00000| Untracked 
|  29|0x0000000081d00000, 0x0000000081e00000, 0x0000000081e00000|100%| O|  |TAMS 0x0000000081e00000, 0x0000000081d00000| Untracked 
|  30|0x0000000081e00000, 0x0000000081f00000, 0x0000000081f00000|100%| O|  |TAMS 0x0000000081f00000, 0x0000000081e00000| Untracked 
|  31|0x0000000081f00000, 0x0000000082000000, 0x0000000082000000|100%| O|  |TAMS 0x0000000082000000, 0x0000000081f00000| Untracked 
|  32|0x0000000082000000, 0x0000000082100000, 0x0000000082100000|100%| O|  |TAMS 0x0000000082100000, 0x0000000082000000| Untracked 
|  33|0x0000000082100000, 0x0000000082200000, 0x0000000082200000|100%|HS|  |TAMS 0x0000000082200000, 0x0000000082100000| Complete 
|  34|0x0000000082200000, 0x0000000082300000, 0x0000000082300000|100%|HS|  |TAMS 0x0000000082300000, 0x0000000082200000| Complete 
|  35|0x0000000082300000, 0x0000000082400000, 0x0000000082400000|100%| O|  |TAMS 0x0000000082400000, 0x0000000082300000| Untracked 
|  36|0x0000000082400000, 0x0000000082500000, 0x0000000082500000|100%| O|  |TAMS 0x0000000082500000, 0x0000000082400000| Untracked 
|  37|0x0000000082500000, 0x0000000082600000, 0x0000000082600000|100%| O|  |TAMS 0x0000000082600000, 0x0000000082500000| Untracked 
|  38|0x0000000082600000, 0x0000000082700000, 0x0000000082700000|100%| O|  |TAMS 0x0000000082700000, 0x0000000082600000| Untracked 
|  39|0x0000000082700000, 0x0000000082800000, 0x0000000082800000|100%| O|  |TAMS 0x0000000082800000, 0x0000000082700000| Untracked 
|  40|0x0000000082800000, 0x0000000082900000, 0x0000000082900000|100%| O|  |TAMS 0x0000000082900000, 0x0000000082800000| Untracked 
|  41|0x0000000082900000, 0x0000000082a00000, 0x0000000082a00000|100%| O|  |TAMS 0x0000000082a00000, 0x0000000082900000| Untracked 
|  42|0x0000000082a00000, 0x0000000082b00000, 0x0000000082b00000|100%| O|  |TAMS 0x0000000082b00000, 0x0000000082a00000| Untracked 
|  43|0x0000000082b00000, 0x0000000082c00000, 0x0000000082c00000|100%| O|  |TAMS 0x0000000082c00000, 0x0000000082b00000| Untracked 
|  44|0x0000000082c00000, 0x0000000082d00000, 0x0000000082d00000|100%|HS|  |TAMS 0x0000000082d00000, 0x0000000082c00000| Complete 
|  45|0x0000000082d00000, 0x0000000082e00000, 0x0000000082e00000|100%|HC|  |TAMS 0x0000000082e00000, 0x0000000082d00000| Complete 
|  46|0x0000000082e00000, 0x0000000082f00000, 0x0000000082f00000|100%|HS|  |TAMS 0x0000000082f00000, 0x0000000082e00000| Complete 
|  47|0x0000000082f00000, 0x0000000083000000, 0x0000000083000000|100%|HC|  |TAMS 0x0000000083000000, 0x0000000082f00000| Complete 
|  48|0x0000000083000000, 0x0000000083100000, 0x0000000083100000|100%|HS|  |TAMS 0x0000000083100000, 0x0000000083000000| Complete 
|  49|0x0000000083100000, 0x0000000083200000, 0x0000000083200000|100%|HC|  |TAMS 0x0000000083200000, 0x0000000083100000| Complete 
|  50|0x0000000083200000, 0x0000000083300000, 0x0000000083300000|100%| O|  |TAMS 0x0000000083300000, 0x0000000083200000| Untracked 
|  51|0x0000000083300000, 0x0000000083400000, 0x0000000083400000|100%| O|  |TAMS 0x0000000083400000, 0x0000000083300000| Untracked 
|  52|0x0000000083400000, 0x0000000083500000, 0x0000000083500000|100%| O|  |TAMS 0x0000000083500000, 0x0000000083400000| Untracked 
|  53|0x0000000083500000, 0x0000000083600000, 0x0000000083600000|100%| O|  |TAMS 0x0000000083600000, 0x0000000083500000| Untracked 
|  54|0x0000000083600000, 0x0000000083700000, 0x0000000083700000|100%| O|  |TAMS 0x0000000083700000, 0x0000000083600000| Untracked 
|  55|0x0000000083700000, 0x0000000083800000, 0x0000000083800000|100%| O|  |TAMS 0x0000000083800000, 0x0000000083700000| Untracked 
|  56|0x0000000083800000, 0x0000000083900000, 0x0000000083900000|100%| O|  |TAMS 0x0000000083900000, 0x0000000083800000| Untracked 
|  57|0x0000000083900000, 0x0000000083a00000, 0x0000000083a00000|100%| O|  |TAMS 0x0000000083a00000, 0x0000000083900000| Untracked 
|  58|0x0000000083a00000, 0x0000000083b00000, 0x0000000083b00000|100%| O|  |TAMS 0x0000000083b00000, 0x0000000083a00000| Untracked 
|  59|0x0000000083b00000, 0x0000000083c00000, 0x0000000083c00000|100%| O|  |TAMS 0x0000000083c00000, 0x0000000083b00000| Untracked 
|  60|0x0000000083c00000, 0x0000000083d00000, 0x0000000083d00000|100%| O|  |TAMS 0x0000000083d00000, 0x0000000083c00000| Untracked 
|  61|0x0000000083d00000, 0x0000000083e00000, 0x0000000083e00000|100%| O|  |TAMS 0x0000000083e00000, 0x0000000083d00000| Untracked 
|  62|0x0000000083e00000, 0x0000000083f00000, 0x0000000083f00000|100%| O|  |TAMS 0x0000000083f00000, 0x0000000083e00000| Untracked 
|  63|0x0000000083f00000, 0x0000000084000000, 0x0000000084000000|100%| O|  |TAMS 0x0000000084000000, 0x0000000083f00000| Untracked 
|  64|0x0000000084000000, 0x0000000084100000, 0x0000000084100000|100%| O|  |TAMS 0x0000000084100000, 0x0000000084000000| Untracked 
|  65|0x0000000084100000, 0x0000000084200000, 0x0000000084200000|100%| O|  |TAMS 0x0000000084200000, 0x0000000084100000| Untracked 
|  66|0x0000000084200000, 0x0000000084300000, 0x0000000084300000|100%| O|  |TAMS 0x0000000084300000, 0x0000000084200000| Untracked 
|  67|0x0000000084300000, 0x0000000084400000, 0x0000000084400000|100%| O|  |TAMS 0x0000000084400000, 0x0000000084300000| Untracked 
|  68|0x0000000084400000, 0x0000000084500000, 0x0000000084500000|100%| O|  |TAMS 0x0000000084500000, 0x0000000084400000| Untracked 
|  69|0x0000000084500000, 0x0000000084600000, 0x0000000084600000|100%| O|  |TAMS 0x0000000084600000, 0x0000000084500000| Untracked 
|  70|0x0000000084600000, 0x0000000084700000, 0x0000000084700000|100%| O|  |TAMS 0x0000000084700000, 0x0000000084600000| Untracked 
|  71|0x0000000084700000, 0x0000000084800000, 0x0000000084800000|100%| O|  |TAMS 0x0000000084800000, 0x0000000084700000| Untracked 
|  72|0x0000000084800000, 0x0000000084900000, 0x0000000084900000|100%| O|  |TAMS 0x0000000084900000, 0x0000000084800000| Untracked 
|  73|0x0000000084900000, 0x0000000084a00000, 0x0000000084a00000|100%| O|  |TAMS 0x0000000084a00000, 0x0000000084900000| Untracked 
|  74|0x0000000084a00000, 0x0000000084b00000, 0x0000000084b00000|100%| O|  |TAMS 0x0000000084b00000, 0x0000000084a00000| Untracked 
|  75|0x0000000084b00000, 0x0000000084c00000, 0x0000000084c00000|100%| O|  |TAMS 0x0000000084c00000, 0x0000000084b00000| Untracked 
|  76|0x0000000084c00000, 0x0000000084d00000, 0x0000000084d00000|100%| O|  |TAMS 0x0000000084d00000, 0x0000000084c00000| Untracked 
|  77|0x0000000084d00000, 0x0000000084e00000, 0x0000000084e00000|100%| O|  |TAMS 0x0000000084e00000, 0x0000000084d00000| Untracked 
|  78|0x0000000084e00000, 0x0000000084f00000, 0x0000000084f00000|100%| O|  |TAMS 0x0000000084f00000, 0x0000000084e00000| Untracked 
|  79|0x0000000084f00000, 0x0000000085000000, 0x0000000085000000|100%| O|  |TAMS 0x0000000085000000, 0x0000000084f00000| Untracked 
|  80|0x0000000085000000, 0x0000000085100000, 0x0000000085100000|100%| O|  |TAMS 0x0000000085100000, 0x0000000085000000| Untracked 
|  81|0x0000000085100000, 0x0000000085200000, 0x0000000085200000|100%| O|  |TAMS 0x0000000085200000, 0x0000000085100000| Untracked 
|  82|0x0000000085200000, 0x0000000085300000, 0x0000000085300000|100%| O|  |TAMS 0x0000000085300000, 0x0000000085200000| Untracked 
|  83|0x0000000085300000, 0x0000000085400000, 0x0000000085400000|100%| O|  |TAMS 0x0000000085400000, 0x0000000085300000| Untracked 
|  84|0x0000000085400000, 0x0000000085500000, 0x0000000085500000|100%| O|  |TAMS 0x0000000085500000, 0x0000000085400000| Untracked 
|  85|0x0000000085500000, 0x0000000085600000, 0x0000000085600000|100%| O|  |TAMS 0x0000000085600000, 0x0000000085500000| Untracked 
|  86|0x0000000085600000, 0x0000000085700000, 0x0000000085700000|100%| O|  |TAMS 0x0000000085700000, 0x0000000085600000| Untracked 
|  87|0x0000000085700000, 0x0000000085800000, 0x0000000085800000|100%| O|  |TAMS 0x0000000085800000, 0x0000000085700000| Untracked 
|  88|0x0000000085800000, 0x0000000085900000, 0x0000000085900000|100%| O|  |TAMS 0x0000000085900000, 0x0000000085800000| Untracked 
|  89|0x0000000085900000, 0x0000000085a00000, 0x0000000085a00000|100%| O|  |TAMS 0x0000000085a00000, 0x0000000085900000| Untracked 
|  90|0x0000000085a00000, 0x0000000085b00000, 0x0000000085b00000|100%|HS|  |TAMS 0x0000000085a00000, 0x0000000085a00000| Complete 
|  91|0x0000000085b00000, 0x0000000085c00000, 0x0000000085c00000|100%|HC|  |TAMS 0x0000000085b00000, 0x0000000085b00000| Complete 
|  92|0x0000000085c00000, 0x0000000085c00000, 0x0000000085d00000|  0%| F|  |TAMS 0x0000000085c00000, 0x0000000085c00000| Untracked 
|  93|0x0000000085d00000, 0x0000000085d00000, 0x0000000085e00000|  0%| F|  |TAMS 0x0000000085d00000, 0x0000000085d00000| Untracked 
|  94|0x0000000085e00000, 0x0000000085e00000, 0x0000000085f00000|  0%| F|  |TAMS 0x0000000085e00000, 0x0000000085e00000| Untracked 
|  95|0x0000000085f00000, 0x0000000085f00000, 0x0000000086000000|  0%| F|  |TAMS 0x0000000085f00000, 0x0000000085f00000| Untracked 
|  96|0x0000000086000000, 0x0000000086000000, 0x0000000086100000|  0%| F|  |TAMS 0x0000000086000000, 0x0000000086000000| Untracked 
|  97|0x0000000086100000, 0x0000000086100000, 0x0000000086200000|  0%| F|  |TAMS 0x0000000086100000, 0x0000000086100000| Untracked 
|  98|0x0000000086200000, 0x0000000086300000, 0x0000000086300000|100%| O|  |TAMS 0x0000000086300000, 0x0000000086200000| Untracked 
|  99|0x0000000086300000, 0x0000000086400000, 0x0000000086400000|100%| O|  |TAMS 0x0000000086400000, 0x0000000086300000| Untracked 
| 100|0x0000000086400000, 0x0000000086500000, 0x0000000086500000|100%| O|  |TAMS 0x0000000086500000, 0x0000000086400000| Untracked 
| 101|0x0000000086500000, 0x0000000086600000, 0x0000000086600000|100%| O|  |TAMS 0x0000000086600000, 0x0000000086500000| Untracked 
| 102|0x0000000086600000, 0x0000000086700000, 0x0000000086700000|100%| O|  |TAMS 0x0000000086700000, 0x0000000086600000| Untracked 
| 103|0x0000000086700000, 0x0000000086800000, 0x0000000086800000|100%| O|  |TAMS 0x0000000086800000, 0x0000000086700000| Untracked 
| 104|0x0000000086800000, 0x0000000086900000, 0x0000000086900000|100%| O|  |TAMS 0x0000000086900000, 0x0000000086800000| Untracked 
| 105|0x0000000086900000, 0x0000000086a00000, 0x0000000086a00000|100%| O|  |TAMS 0x0000000086a00000, 0x0000000086900000| Untracked 
| 106|0x0000000086a00000, 0x0000000086b00000, 0x0000000086b00000|100%| O|  |TAMS 0x0000000086b00000, 0x0000000086a00000| Untracked 
| 107|0x0000000086b00000, 0x0000000086c00000, 0x0000000086c00000|100%| O|  |TAMS 0x0000000086c00000, 0x0000000086b00000| Untracked 
| 108|0x0000000086c00000, 0x0000000086c00000, 0x0000000086d00000|  0%| F|  |TAMS 0x0000000086c00000, 0x0000000086c00000| Untracked 
| 109|0x0000000086d00000, 0x0000000086d00000, 0x0000000086e00000|  0%| F|  |TAMS 0x0000000086d00000, 0x0000000086d00000| Untracked 
| 110|0x0000000086e00000, 0x0000000086e00000, 0x0000000086f00000|  0%| F|  |TAMS 0x0000000086e00000, 0x0000000086e00000| Untracked 
| 111|0x0000000086f00000, 0x0000000086f00000, 0x0000000087000000|  0%| F|  |TAMS 0x0000000086f00000, 0x0000000086f00000| Untracked 
| 112|0x0000000087000000, 0x0000000087000000, 0x0000000087100000|  0%| F|  |TAMS 0x0000000087000000, 0x0000000087000000| Untracked 
| 113|0x0000000087100000, 0x0000000087100000, 0x0000000087200000|  0%| F|  |TAMS 0x0000000087100000, 0x0000000087100000| Untracked 
| 114|0x0000000087200000, 0x0000000087200000, 0x0000000087300000|  0%| F|  |TAMS 0x0000000087200000, 0x0000000087200000| Untracked 
| 115|0x0000000087300000, 0x0000000087300000, 0x0000000087400000|  0%| F|  |TAMS 0x0000000087300000, 0x0000000087300000| Untracked 
| 116|0x0000000087400000, 0x0000000087500000, 0x0000000087500000|100%| O|  |TAMS 0x0000000087500000, 0x0000000087400000| Untracked 
| 117|0x0000000087500000, 0x0000000087600000, 0x0000000087600000|100%| O|  |TAMS 0x0000000087600000, 0x0000000087500000| Untracked 
| 118|0x0000000087600000, 0x0000000087700000, 0x0000000087700000|100%| O|  |TAMS 0x0000000087700000, 0x0000000087600000| Untracked 
| 119|0x0000000087700000, 0x0000000087800000, 0x0000000087800000|100%| O|  |TAMS 0x0000000087800000, 0x0000000087700000| Untracked 
| 120|0x0000000087800000, 0x0000000087900000, 0x0000000087900000|100%| O|  |TAMS 0x0000000087900000, 0x0000000087800000| Untracked 
| 121|0x0000000087900000, 0x0000000087a00000, 0x0000000087a00000|100%| O|  |TAMS 0x0000000087a00000, 0x0000000087900000| Untracked 
| 122|0x0000000087a00000, 0x0000000087b00000, 0x0000000087b00000|100%| O|  |TAMS 0x0000000087b00000, 0x0000000087a00000| Untracked 
| 123|0x0000000087b00000, 0x0000000087b31600, 0x0000000087c00000| 19%| O|  |TAMS 0x0000000087b31600, 0x0000000087b00000| Untracked 
| 124|0x0000000087c00000, 0x0000000087c00000, 0x0000000087d00000|  0%| F|  |TAMS 0x0000000087c00000, 0x0000000087c00000| Untracked 
| 125|0x0000000087d00000, 0x0000000087d00000, 0x0000000087e00000|  0%| F|  |TAMS 0x0000000087d00000, 0x0000000087d00000| Untracked 
| 126|0x0000000087e00000, 0x0000000087e00000, 0x0000000087f00000|  0%| F|  |TAMS 0x0000000087e00000, 0x0000000087e00000| Untracked 
| 127|0x0000000087f00000, 0x0000000087f00000, 0x0000000088000000|  0%| F|  |TAMS 0x0000000087f00000, 0x0000000087f00000| Untracked 
| 128|0x0000000088000000, 0x0000000088000000, 0x0000000088100000|  0%| F|  |TAMS 0x0000000088000000, 0x0000000088000000| Untracked 
| 129|0x0000000088100000, 0x0000000088100000, 0x0000000088200000|  0%| F|  |TAMS 0x0000000088100000, 0x0000000088100000| Untracked 
| 130|0x0000000088200000, 0x0000000088200000, 0x0000000088300000|  0%| F|  |TAMS 0x0000000088200000, 0x0000000088200000| Untracked 
| 131|0x0000000088300000, 0x0000000088300000, 0x0000000088400000|  0%| F|  |TAMS 0x0000000088300000, 0x0000000088300000| Untracked 
| 132|0x0000000088400000, 0x0000000088400000, 0x0000000088500000|  0%| F|  |TAMS 0x0000000088400000, 0x0000000088400000| Untracked 
| 133|0x0000000088500000, 0x0000000088500000, 0x0000000088600000|  0%| F|  |TAMS 0x0000000088500000, 0x0000000088500000| Untracked 
| 134|0x0000000088600000, 0x0000000088600000, 0x0000000088700000|  0%| F|  |TAMS 0x0000000088600000, 0x0000000088600000| Untracked 
| 135|0x0000000088700000, 0x0000000088700000, 0x0000000088800000|  0%| F|  |TAMS 0x0000000088700000, 0x0000000088700000| Untracked 
| 136|0x0000000088800000, 0x0000000088800000, 0x0000000088900000|  0%| F|  |TAMS 0x0000000088800000, 0x0000000088800000| Untracked 
| 137|0x0000000088900000, 0x0000000088900000, 0x0000000088a00000|  0%| F|  |TAMS 0x0000000088900000, 0x0000000088900000| Untracked 
| 138|0x0000000088a00000, 0x0000000088a00000, 0x0000000088b00000|  0%| F|  |TAMS 0x0000000088a00000, 0x0000000088a00000| Untracked 
| 139|0x0000000088b00000, 0x0000000088b00000, 0x0000000088c00000|  0%| F|  |TAMS 0x0000000088b00000, 0x0000000088b00000| Untracked 
| 140|0x0000000088c00000, 0x0000000088c00000, 0x0000000088d00000|  0%| F|  |TAMS 0x0000000088c00000, 0x0000000088c00000| Untracked 
| 141|0x0000000088d00000, 0x0000000088d00000, 0x0000000088e00000|  0%| F|  |TAMS 0x0000000088d00000, 0x0000000088d00000| Untracked 
| 142|0x0000000088e00000, 0x0000000088e00000, 0x0000000088f00000|  0%| F|  |TAMS 0x0000000088e00000, 0x0000000088e00000| Untracked 
| 143|0x0000000088f00000, 0x0000000088f00000, 0x0000000089000000|  0%| F|  |TAMS 0x0000000088f00000, 0x0000000088f00000| Untracked 
| 144|0x0000000089000000, 0x0000000089000000, 0x0000000089100000|  0%| F|  |TAMS 0x0000000089000000, 0x0000000089000000| Untracked 
| 145|0x0000000089100000, 0x0000000089100000, 0x0000000089200000|  0%| F|  |TAMS 0x0000000089100000, 0x0000000089100000| Untracked 
| 146|0x0000000089200000, 0x0000000089200000, 0x0000000089300000|  0%| F|  |TAMS 0x0000000089200000, 0x0000000089200000| Untracked 
| 147|0x0000000089300000, 0x0000000089300000, 0x0000000089400000|  0%| F|  |TAMS 0x0000000089300000, 0x0000000089300000| Untracked 
| 148|0x0000000089400000, 0x0000000089400000, 0x0000000089500000|  0%| F|  |TAMS 0x0000000089400000, 0x0000000089400000| Untracked 
| 149|0x0000000089500000, 0x0000000089500000, 0x0000000089600000|  0%| F|  |TAMS 0x0000000089500000, 0x0000000089500000| Untracked 
| 150|0x0000000089600000, 0x0000000089600000, 0x0000000089700000|  0%| F|  |TAMS 0x0000000089600000, 0x0000000089600000| Untracked 
| 151|0x0000000089700000, 0x0000000089700000, 0x0000000089800000|  0%| F|  |TAMS 0x0000000089700000, 0x0000000089700000| Untracked 
| 152|0x0000000089800000, 0x0000000089800000, 0x0000000089900000|  0%| F|  |TAMS 0x0000000089800000, 0x0000000089800000| Untracked 
| 153|0x0000000089900000, 0x0000000089900000, 0x0000000089a00000|  0%| F|  |TAMS 0x0000000089900000, 0x0000000089900000| Untracked 
| 154|0x0000000089a00000, 0x0000000089a00000, 0x0000000089b00000|  0%| F|  |TAMS 0x0000000089a00000, 0x0000000089a00000| Untracked 
| 155|0x0000000089b00000, 0x0000000089b00000, 0x0000000089c00000|  0%| F|  |TAMS 0x0000000089b00000, 0x0000000089b00000| Untracked 
| 156|0x0000000089c00000, 0x0000000089c00000, 0x0000000089d00000|  0%| F|  |TAMS 0x0000000089c00000, 0x0000000089c00000| Untracked 
| 157|0x0000000089d00000, 0x0000000089d00000, 0x0000000089e00000|  0%| F|  |TAMS 0x0000000089d00000, 0x0000000089d00000| Untracked 
| 158|0x0000000089e00000, 0x0000000089e00000, 0x0000000089f00000|  0%| F|  |TAMS 0x0000000089e00000, 0x0000000089e00000| Untracked 
| 159|0x0000000089f00000, 0x0000000089f00000, 0x000000008a000000|  0%| F|  |TAMS 0x0000000089f00000, 0x0000000089f00000| Untracked 
| 160|0x000000008a000000, 0x000000008a000000, 0x000000008a100000|  0%| F|  |TAMS 0x000000008a000000, 0x000000008a000000| Untracked 
| 161|0x000000008a100000, 0x000000008a100000, 0x000000008a200000|  0%| F|  |TAMS 0x000000008a100000, 0x000000008a100000| Untracked 
| 162|0x000000008a200000, 0x000000008a200000, 0x000000008a300000|  0%| F|  |TAMS 0x000000008a200000, 0x000000008a200000| Untracked 
| 163|0x000000008a300000, 0x000000008a300000, 0x000000008a400000|  0%| F|  |TAMS 0x000000008a300000, 0x000000008a300000| Untracked 
| 164|0x000000008a400000, 0x000000008a400000, 0x000000008a500000|  0%| F|  |TAMS 0x000000008a400000, 0x000000008a400000| Untracked 
| 165|0x000000008a500000, 0x000000008a500000, 0x000000008a600000|  0%| F|  |TAMS 0x000000008a500000, 0x000000008a500000| Untracked 
| 166|0x000000008a600000, 0x000000008a600000, 0x000000008a700000|  0%| F|  |TAMS 0x000000008a600000, 0x000000008a600000| Untracked 
| 167|0x000000008a700000, 0x000000008a700000, 0x000000008a800000|  0%| F|  |TAMS 0x000000008a700000, 0x000000008a700000| Untracked 
| 168|0x000000008a800000, 0x000000008a800000, 0x000000008a900000|  0%| F|  |TAMS 0x000000008a800000, 0x000000008a800000| Untracked 
| 169|0x000000008a900000, 0x000000008a900000, 0x000000008aa00000|  0%| F|  |TAMS 0x000000008a900000, 0x000000008a900000| Untracked 
| 170|0x000000008aa00000, 0x000000008aa00000, 0x000000008ab00000|  0%| F|  |TAMS 0x000000008aa00000, 0x000000008aa00000| Untracked 
| 171|0x000000008ab00000, 0x000000008ab00000, 0x000000008ac00000|  0%| F|  |TAMS 0x000000008ab00000, 0x000000008ab00000| Untracked 
| 172|0x000000008ac00000, 0x000000008ac00000, 0x000000008ad00000|  0%| F|  |TAMS 0x000000008ac00000, 0x000000008ac00000| Untracked 
| 173|0x000000008ad00000, 0x000000008ad00000, 0x000000008ae00000|  0%| F|  |TAMS 0x000000008ad00000, 0x000000008ad00000| Untracked 
| 174|0x000000008ae00000, 0x000000008ae00000, 0x000000008af00000|  0%| F|  |TAMS 0x000000008ae00000, 0x000000008ae00000| Untracked 
| 175|0x000000008af00000, 0x000000008af00000, 0x000000008b000000|  0%| F|  |TAMS 0x000000008af00000, 0x000000008af00000| Untracked 
| 176|0x000000008b000000, 0x000000008b000000, 0x000000008b100000|  0%| F|  |TAMS 0x000000008b000000, 0x000000008b000000| Untracked 
| 177|0x000000008b100000, 0x000000008b100000, 0x000000008b200000|  0%| F|  |TAMS 0x000000008b100000, 0x000000008b100000| Untracked 
| 178|0x000000008b200000, 0x000000008b200000, 0x000000008b300000|  0%| F|  |TAMS 0x000000008b200000, 0x000000008b200000| Untracked 
| 179|0x000000008b300000, 0x000000008b300000, 0x000000008b400000|  0%| F|  |TAMS 0x000000008b300000, 0x000000008b300000| Untracked 
| 180|0x000000008b400000, 0x000000008b400000, 0x000000008b500000|  0%| F|  |TAMS 0x000000008b400000, 0x000000008b400000| Untracked 
| 181|0x000000008b500000, 0x000000008b500000, 0x000000008b600000|  0%| F|  |TAMS 0x000000008b500000, 0x000000008b500000| Untracked 
| 182|0x000000008b600000, 0x000000008b600000, 0x000000008b700000|  0%| F|  |TAMS 0x000000008b600000, 0x000000008b600000| Untracked 
| 183|0x000000008b700000, 0x000000008b700000, 0x000000008b800000|  0%| F|  |TAMS 0x000000008b700000, 0x000000008b700000| Untracked 
| 184|0x000000008b800000, 0x000000008b800000, 0x000000008b900000|  0%| F|  |TAMS 0x000000008b800000, 0x000000008b800000| Untracked 
| 185|0x000000008b900000, 0x000000008b900000, 0x000000008ba00000|  0%| F|  |TAMS 0x000000008b900000, 0x000000008b900000| Untracked 
| 186|0x000000008ba00000, 0x000000008ba00000, 0x000000008bb00000|  0%| F|  |TAMS 0x000000008ba00000, 0x000000008ba00000| Untracked 
| 187|0x000000008bb00000, 0x000000008bb00000, 0x000000008bc00000|  0%| F|  |TAMS 0x000000008bb00000, 0x000000008bb00000| Untracked 
| 188|0x000000008bc00000, 0x000000008bc00000, 0x000000008bd00000|  0%| F|  |TAMS 0x000000008bc00000, 0x000000008bc00000| Untracked 
| 189|0x000000008bd00000, 0x000000008bd00000, 0x000000008be00000|  0%| F|  |TAMS 0x000000008bd00000, 0x000000008bd00000| Untracked 
| 190|0x000000008be00000, 0x000000008be00000, 0x000000008bf00000|  0%| F|  |TAMS 0x000000008be00000, 0x000000008be00000| Untracked 
| 191|0x000000008bf00000, 0x000000008bf00000, 0x000000008c000000|  0%| F|  |TAMS 0x000000008bf00000, 0x000000008bf00000| Untracked 
| 192|0x000000008c000000, 0x000000008c000000, 0x000000008c100000|  0%| F|  |TAMS 0x000000008c000000, 0x000000008c000000| Untracked 
| 193|0x000000008c100000, 0x000000008c100000, 0x000000008c200000|  0%| F|  |TAMS 0x000000008c100000, 0x000000008c100000| Untracked 
| 194|0x000000008c200000, 0x000000008c200000, 0x000000008c300000|  0%| F|  |TAMS 0x000000008c200000, 0x000000008c200000| Untracked 
| 195|0x000000008c300000, 0x000000008c300000, 0x000000008c400000|  0%| F|  |TAMS 0x000000008c300000, 0x000000008c300000| Untracked 
| 196|0x000000008c400000, 0x000000008c400000, 0x000000008c500000|  0%| F|  |TAMS 0x000000008c400000, 0x000000008c400000| Untracked 
| 197|0x000000008c500000, 0x000000008c500000, 0x000000008c600000|  0%| F|  |TAMS 0x000000008c500000, 0x000000008c500000| Untracked 
| 198|0x000000008c600000, 0x000000008c600000, 0x000000008c700000|  0%| F|  |TAMS 0x000000008c600000, 0x000000008c600000| Untracked 
| 199|0x000000008c700000, 0x000000008c700000, 0x000000008c800000|  0%| F|  |TAMS 0x000000008c700000, 0x000000008c700000| Untracked 
| 200|0x000000008c800000, 0x000000008c800000, 0x000000008c900000|  0%| F|  |TAMS 0x000000008c800000, 0x000000008c800000| Untracked 
| 201|0x000000008c900000, 0x000000008c900000, 0x000000008ca00000|  0%| F|  |TAMS 0x000000008c900000, 0x000000008c900000| Untracked 
| 202|0x000000008ca00000, 0x000000008ca00000, 0x000000008cb00000|  0%| F|  |TAMS 0x000000008ca00000, 0x000000008ca00000| Untracked 
| 203|0x000000008cb00000, 0x000000008cb00000, 0x000000008cc00000|  0%| F|  |TAMS 0x000000008cb00000, 0x000000008cb00000| Untracked 
| 204|0x000000008cc00000, 0x000000008cc00000, 0x000000008cd00000|  0%| F|  |TAMS 0x000000008cc00000, 0x000000008cc00000| Untracked 
| 205|0x000000008cd00000, 0x000000008cd00000, 0x000000008ce00000|  0%| F|  |TAMS 0x000000008cd00000, 0x000000008cd00000| Untracked 
| 206|0x000000008ce00000, 0x000000008ce00000, 0x000000008cf00000|  0%| F|  |TAMS 0x000000008ce00000, 0x000000008ce00000| Untracked 
| 207|0x000000008cf00000, 0x000000008cf00000, 0x000000008d000000|  0%| F|  |TAMS 0x000000008cf00000, 0x000000008cf00000| Untracked 
| 208|0x000000008d000000, 0x000000008d000000, 0x000000008d100000|  0%| F|  |TAMS 0x000000008d000000, 0x000000008d000000| Untracked 
| 209|0x000000008d100000, 0x000000008d100000, 0x000000008d200000|  0%| F|  |TAMS 0x000000008d100000, 0x000000008d100000| Untracked 
| 210|0x000000008d200000, 0x000000008d2523b0, 0x000000008d300000| 32%| S|CS|TAMS 0x000000008d200000, 0x000000008d200000| Complete 
| 211|0x000000008d300000, 0x000000008d400000, 0x000000008d400000|100%| S|CS|TAMS 0x000000008d300000, 0x000000008d300000| Complete 
| 212|0x000000008d400000, 0x000000008d500000, 0x000000008d500000|100%| S|CS|TAMS 0x000000008d400000, 0x000000008d400000| Complete 
| 213|0x000000008d500000, 0x000000008d600000, 0x000000008d600000|100%| S|CS|TAMS 0x000000008d500000, 0x000000008d500000| Complete 
| 214|0x000000008d600000, 0x000000008d700000, 0x000000008d700000|100%| S|CS|TAMS 0x000000008d600000, 0x000000008d600000| Complete 
| 215|0x000000008d700000, 0x000000008d800000, 0x000000008d800000|100%| S|CS|TAMS 0x000000008d700000, 0x000000008d700000| Complete 
| 216|0x000000008d800000, 0x000000008d900000, 0x000000008d900000|100%| S|CS|TAMS 0x000000008d800000, 0x000000008d800000| Complete 
| 217|0x000000008d900000, 0x000000008da00000, 0x000000008da00000|100%| S|CS|TAMS 0x000000008d900000, 0x000000008d900000| Complete 
| 218|0x000000008da00000, 0x000000008db00000, 0x000000008db00000|100%| S|CS|TAMS 0x000000008da00000, 0x000000008da00000| Complete 
| 219|0x000000008db00000, 0x000000008dc00000, 0x000000008dc00000|100%| S|CS|TAMS 0x000000008db00000, 0x000000008db00000| Complete 
| 220|0x000000008dc00000, 0x000000008dc00000, 0x000000008dd00000|  0%| F|  |TAMS 0x000000008dc00000, 0x000000008dc00000| Untracked 
| 221|0x000000008dd00000, 0x000000008dd00000, 0x000000008de00000|  0%| F|  |TAMS 0x000000008dd00000, 0x000000008dd00000| Untracked 
| 222|0x000000008de00000, 0x000000008de00000, 0x000000008df00000|  0%| F|  |TAMS 0x000000008de00000, 0x000000008de00000| Untracked 
| 223|0x000000008df00000, 0x000000008df00000, 0x000000008e000000|  0%| F|  |TAMS 0x000000008df00000, 0x000000008df00000| Untracked 
| 224|0x000000008e000000, 0x000000008e000000, 0x000000008e100000|  0%| F|  |TAMS 0x000000008e000000, 0x000000008e000000| Untracked 
| 225|0x000000008e100000, 0x000000008e100000, 0x000000008e200000|  0%| F|  |TAMS 0x000000008e100000, 0x000000008e100000| Untracked 
| 226|0x000000008e200000, 0x000000008e200000, 0x000000008e300000|  0%| F|  |TAMS 0x000000008e200000, 0x000000008e200000| Untracked 
| 227|0x000000008e300000, 0x000000008e300000, 0x000000008e400000|  0%| F|  |TAMS 0x000000008e300000, 0x000000008e300000| Untracked 
| 228|0x000000008e400000, 0x000000008e400000, 0x000000008e500000|  0%| F|  |TAMS 0x000000008e400000, 0x000000008e400000| Untracked 
| 229|0x000000008e500000, 0x000000008e500000, 0x000000008e600000|  0%| F|  |TAMS 0x000000008e500000, 0x000000008e500000| Untracked 
| 230|0x000000008e600000, 0x000000008e600000, 0x000000008e700000|  0%| F|  |TAMS 0x000000008e600000, 0x000000008e600000| Untracked 
| 231|0x000000008e700000, 0x000000008e700000, 0x000000008e800000|  0%| F|  |TAMS 0x000000008e700000, 0x000000008e700000| Untracked 
| 232|0x000000008e800000, 0x000000008e800000, 0x000000008e900000|  0%| F|  |TAMS 0x000000008e800000, 0x000000008e800000| Untracked 
| 233|0x000000008e900000, 0x000000008e900000, 0x000000008ea00000|  0%| F|  |TAMS 0x000000008e900000, 0x000000008e900000| Untracked 
| 234|0x000000008ea00000, 0x000000008ea00000, 0x000000008eb00000|  0%| F|  |TAMS 0x000000008ea00000, 0x000000008ea00000| Untracked 
| 235|0x000000008eb00000, 0x000000008eb00000, 0x000000008ec00000|  0%| F|  |TAMS 0x000000008eb00000, 0x000000008eb00000| Untracked 
| 236|0x000000008ec00000, 0x000000008ec00000, 0x000000008ed00000|  0%| F|  |TAMS 0x000000008ec00000, 0x000000008ec00000| Untracked 
| 237|0x000000008ed00000, 0x000000008ed00000, 0x000000008ee00000|  0%| F|  |TAMS 0x000000008ed00000, 0x000000008ed00000| Untracked 
| 238|0x000000008ee00000, 0x000000008ee6a3c8, 0x000000008ef00000| 41%| E|  |TAMS 0x000000008ee00000, 0x000000008ee00000| Complete 
| 239|0x000000008ef00000, 0x000000008f000000, 0x000000008f000000|100%| E|CS|TAMS 0x000000008ef00000, 0x000000008ef00000| Complete 
| 240|0x000000008f000000, 0x000000008f100000, 0x000000008f100000|100%| E|CS|TAMS 0x000000008f000000, 0x000000008f000000| Complete 
| 241|0x000000008f100000, 0x000000008f200000, 0x000000008f200000|100%| E|CS|TAMS 0x000000008f100000, 0x000000008f100000| Complete 
| 242|0x000000008f200000, 0x000000008f300000, 0x000000008f300000|100%| E|CS|TAMS 0x000000008f200000, 0x000000008f200000| Complete 
| 243|0x000000008f300000, 0x000000008f400000, 0x000000008f400000|100%| E|CS|TAMS 0x000000008f300000, 0x000000008f300000| Complete 
| 244|0x000000008f400000, 0x000000008f500000, 0x000000008f500000|100%| E|CS|TAMS 0x000000008f400000, 0x000000008f400000| Complete 
| 245|0x000000008f500000, 0x000000008f600000, 0x000000008f600000|100%| E|CS|TAMS 0x000000008f500000, 0x000000008f500000| Complete 
| 246|0x000000008f600000, 0x000000008f700000, 0x000000008f700000|100%| E|CS|TAMS 0x000000008f600000, 0x000000008f600000| Complete 
| 247|0x000000008f700000, 0x000000008f800000, 0x000000008f800000|100%| E|CS|TAMS 0x000000008f700000, 0x000000008f700000| Complete 
| 248|0x000000008f800000, 0x000000008f900000, 0x000000008f900000|100%| E|CS|TAMS 0x000000008f800000, 0x000000008f800000| Complete 
| 249|0x000000008f900000, 0x000000008fa00000, 0x000000008fa00000|100%| E|CS|TAMS 0x000000008f900000, 0x000000008f900000| Complete 
| 250|0x000000008fa00000, 0x000000008fb00000, 0x000000008fb00000|100%| E|CS|TAMS 0x000000008fa00000, 0x000000008fa00000| Complete 
| 251|0x000000008fb00000, 0x000000008fc00000, 0x000000008fc00000|100%| E|CS|TAMS 0x000000008fb00000, 0x000000008fb00000| Complete 
| 252|0x000000008fc00000, 0x000000008fd00000, 0x000000008fd00000|100%| E|CS|TAMS 0x000000008fc00000, 0x000000008fc00000| Complete 
| 253|0x000000008fd00000, 0x000000008fe00000, 0x000000008fe00000|100%| E|CS|TAMS 0x000000008fd00000, 0x000000008fd00000| Complete 
| 254|0x000000008fe00000, 0x000000008ff00000, 0x000000008ff00000|100%| E|CS|TAMS 0x000000008fe00000, 0x000000008fe00000| Complete 
| 255|0x000000008ff00000, 0x0000000090000000, 0x0000000090000000|100%| E|CS|TAMS 0x000000008ff00000, 0x000000008ff00000| Complete 

Card table byte_map: [0x0000018c72fc0000,0x0000018c733c0000] _byte_map_base: 0x0000018c72bc0000

Marking Bits (Prev, Next): (CMBitMap*) 0x0000018c5c1f8748, (CMBitMap*) 0x0000018c5c1f8780
 Prev Bits: [0x0000018c737c0000, 0x0000018c757c0000)
 Next Bits: [0x0000018c757c0000, 0x0000018c777c0000)

Polling page: 0x0000018c5a160000

Metaspace:

Usage:
  Non-class:     90.75 MB capacity,    88.95 MB ( 98%) used,     1.50 MB (  2%) free+waste,   308.12 KB ( <1%) overhead. 
      Class:     14.74 MB capacity,    13.64 MB ( 93%) used,   978.73 KB (  6%) free+waste,   142.31 KB ( <1%) overhead. 
       Both:    105.48 MB capacity,   102.59 MB ( 97%) used,     2.46 MB (  2%) free+waste,   450.44 KB ( <1%) overhead. 

Virtual space:
  Non-class space:       96.00 MB reserved,      90.91 MB ( 95%) committed 
      Class space:      504.00 MB reserved,      14.75 MB (  3%) committed 
             Both:      600.00 MB reserved,     105.66 MB ( 18%) committed 

Chunk freelists:
   Non-Class:  4.75 KB
       Class:  1.88 KB
        Both:  6.62 KB

CodeHeap 'non-profiled nmethods': size=120000Kb used=9171Kb max_used=9320Kb free=110828Kb
 bounds [0x0000018c6b360000, 0x0000018c6bc80000, 0x0000018c72890000]
CodeHeap 'profiled nmethods': size=120000Kb used=27358Kb max_used=27358Kb free=92641Kb
 bounds [0x0000018c63e30000, 0x0000018c65900000, 0x0000018c6b360000]
CodeHeap 'non-nmethods': size=5760Kb used=2331Kb max_used=2406Kb free=3429Kb
 bounds [0x0000018c63890000, 0x0000018c63b00000, 0x0000018c63e30000]
 total_blobs=13776 nmethods=12822 adapters=864
 compilation: enabled
              stopped_count=0, restarted_count=0
 full_count=0

Compilation events (10 events):
Event: 26.728 Thread 0x0000018c7c6db800 13509       4       org.gradle.internal.logging.slf4j.OutputEventListenerBackedLogger::isDebugEnabled (5 bytes)
Event: 26.729 Thread 0x0000018c7aaa8800 13515       3       java.util.concurrent.CopyOnWriteArrayList::indexOfRange (63 bytes)
Event: 26.729 Thread 0x0000018c7aaa8800 nmethod 13515 0x0000018c643a3210 code [0x0000018c643a33e0, 0x0000018c643a3848]
Event: 26.729 Thread 0x0000018c7c6db800 nmethod 13509 0x0000018c6b52df90 code [0x0000018c6b52e120, 0x0000018c6b52e1f8]
Event: 26.730 Thread 0x0000018c7c6db800 13478       4       java.util.Optional::orElseGet (21 bytes)
Event: 26.731 Thread 0x0000018c7c6db800 nmethod 13478 0x0000018c6b52dd10 code [0x0000018c6b52de80, 0x0000018c6b52df18]
Event: 26.731 Thread 0x0000018c7c6db800 13486       4       org.gradle.internal.snapshot.VfsRelativePath::computeCombinedCompare (20 bytes)
Event: 26.731 Thread 0x0000018c7c6db800 nmethod 13486 0x0000018c6b52da90 code [0x0000018c6b52dc00, 0x0000018c6b52dc58]
Event: 26.731 Thread 0x0000018c7c6db800 13483       4       org.gradle.internal.snapshot.AbstractListChildMap::findChildIndexWithCommonPrefix (15 bytes)
Event: 26.731 Thread 0x0000018c7aaa8800 13516       3       org.gradle.internal.snapshot.AbstractInvalidateChildHandler::handleAsDescendantOfChild (7 bytes)

GC Heap History (10 events):
Event: 20.872 GC heap before
{Heap before GC invocations=14 (full 0):
 garbage-first heap   total 262144K, used 116820K [0x0000000080000000, 0x0000000100000000)
  region size 1024K, 40 young (40960K), 14 survivors (14336K)
 Metaspace       used 97356K, capacity 99949K, committed 100056K, reserved 602112K
  class space    used 13096K, capacity 14078K, committed 14080K, reserved 516096K
}
Event: 20.882 GC heap after
{Heap after GC invocations=15 (full 0):
 garbage-first heap   total 262144K, used 93985K [0x0000000080000000, 0x0000000100000000)
  region size 1024K, 3 young (3072K), 3 survivors (3072K)
 Metaspace       used 97356K, capacity 99949K, committed 100056K, reserved 602112K
  class space    used 13096K, capacity 14078K, committed 14080K, reserved 516096K
}
Event: 22.611 GC heap before
{Heap before GC invocations=16 (full 0):
 garbage-first heap   total 262144K, used 207649K [0x0000000080000000, 0x0000000100000000)
  region size 1024K, 114 young (116736K), 3 survivors (3072K)
 Metaspace       used 103028K, capacity 105832K, committed 106020K, reserved 608256K
  class space    used 13770K, capacity 14887K, committed 14976K, reserved 516096K
}
Event: 22.619 GC heap after
{Heap after GC invocations=17 (full 0):
 garbage-first heap   total 262144K, used 101977K [0x0000000080000000, 0x0000000100000000)
  region size 1024K, 11 young (11264K), 11 survivors (11264K)
 Metaspace       used 103028K, capacity 105832K, committed 106020K, reserved 608256K
  class space    used 13770K, capacity 14887K, committed 14976K, reserved 516096K
}
Event: 24.975 GC heap before
{Heap before GC invocations=17 (full 0):
 garbage-first heap   total 262144K, used 216665K [0x0000000080000000, 0x0000000100000000)
  region size 1024K, 116 young (118784K), 11 survivors (11264K)
 Metaspace       used 103967K, capacity 106821K, committed 107044K, reserved 608256K
  class space    used 13862K, capacity 14963K, committed 14976K, reserved 516096K
}
Event: 24.986 GC heap after
{Heap after GC invocations=18 (full 0):
 garbage-first heap   total 262144K, used 109913K [0x0000000080000000, 0x0000000100000000)
  region size 1024K, 9 young (9216K), 9 survivors (9216K)
 Metaspace       used 103967K, capacity 106821K, committed 107044K, reserved 608256K
  class space    used 13862K, capacity 14963K, committed 14976K, reserved 516096K
}
Event: 26.094 GC heap before
{Heap before GC invocations=18 (full 0):
 garbage-first heap   total 262144K, used 201049K [0x0000000080000000, 0x0000000100000000)
  region size 1024K, 84 young (86016K), 9 survivors (9216K)
 Metaspace       used 104334K, capacity 107266K, committed 107428K, reserved 610304K
  class space    used 13883K, capacity 14979K, committed 15104K, reserved 516096K
}
Event: 26.105 GC heap after
{Heap after GC invocations=19 (full 0):
 garbage-first heap   total 262144K, used 116705K [0x0000000080000000, 0x0000000100000000)
  region size 1024K, 7 young (7168K), 7 survivors (7168K)
 Metaspace       used 104334K, capacity 107266K, committed 107428K, reserved 610304K
  class space    used 13883K, capacity 14979K, committed 15104K, reserved 516096K
}
Event: 26.505 GC heap before
{Heap before GC invocations=20 (full 0):
 garbage-first heap   total 262144K, used 159713K [0x0000000080000000, 0x0000000100000000)
  region size 1024K, 43 young (44032K), 7 survivors (7168K)
 Metaspace       used 104276K, capacity 107140K, committed 107428K, reserved 610304K
  class space    used 13858K, capacity 14934K, committed 15104K, reserved 516096K
}
Event: 26.519 GC heap after
{Heap after GC invocations=21 (full 0):
 garbage-first heap   total 262144K, used 119310K [0x0000000080000000, 0x0000000100000000)
  region size 1024K, 10 young (10240K), 10 survivors (10240K)
 Metaspace       used 104276K, capacity 107140K, committed 107428K, reserved 610304K
  class space    used 13858K, capacity 14934K, committed 15104K, reserved 516096K
}

Deoptimization events (10 events):
Event: 26.622 Thread 0x0000018c7d0ba800 Uncommon trap: reason=class_check action=maybe_recompile pc=0x0000018c6bb50df8 method=org.gradle.internal.logging.sink.OutputEventTransformer.onOutput(Lorg/gradle/internal/logging/events/OutputEvent;)V @ 225 c2
Event: 26.623 Thread 0x0000018c7d0ba800 Uncommon trap: reason=bimorphic_or_optimized_type_check action=maybe_recompile pc=0x0000018c6bb5ea24 method=org.gradle.internal.logging.sink.OutputEventRenderer.onOutput(Lorg/gradle/internal/logging/events/OutputEvent;)V @ 1 c2
Event: 26.629 Thread 0x0000018c7d0ba800 Uncommon trap: reason=unstable_if action=reinterpret pc=0x0000018c6bb65310 method=org.gradle.internal.logging.slf4j.OutputEventListenerBackedLogger.isLevelAtMost(Lorg/gradle/api/logging/LogLevel;)Z @ 11 c2
Event: 26.629 Thread 0x0000018c7d0ba800 Uncommon trap: reason=unstable_if action=reinterpret pc=0x0000018c6b52ba50 method=org.gradle.internal.logging.text.AbstractLineChoppingStyledTextOutput$2.execute(Lorg/gradle/internal/logging/text/AbstractLineChoppingStyledTextOutput$StateContext;)V @ 34 c
Event: 26.641 Thread 0x0000018c7d0ba800 Uncommon trap: reason=unstable_if action=reinterpret pc=0x0000018c6bc48ec8 method=org.gradle.internal.file.FileHierarchySet$Node.contains(Ljava/lang/String;I)Z @ 69 c2
Event: 26.641 Thread 0x0000018c7d0ba800 Uncommon trap: reason=bimorphic_or_optimized_type_check action=maybe_recompile pc=0x0000018c6b5330d0 method=org.gradle.internal.watch.registry.impl.WatchableHierarchies$RemoveUnwatchedFiles.shouldBeRemoved(Lorg/gradle/internal/snapshot/FileSystemLocationS
Event: 26.642 Thread 0x0000018c7d0ba800 Uncommon trap: reason=unstable_if action=reinterpret pc=0x0000018c6b5330bc method=org.gradle.internal.service.scopes.VirtualFileSystemServices$GradleUserHomeServices.lambda$createVirtualFileSystem$0(Lorg/gradle/cache/GlobalCacheLocations;Ljava/lang/String
Event: 26.642 Thread 0x0000018c7d0ba800 Uncommon trap: reason=unstable_if action=reinterpret pc=0x0000018c6b833754 method=org.gradle.internal.snapshot.VfsRelativePath.compareToFirstSegment(Ljava/lang/String;Lorg/gradle/internal/snapshot/CaseSensitivity;)I @ 156 c2
Event: 26.729 Thread 0x0000018c7d0ba800 Uncommon trap: reason=class_check action=maybe_recompile pc=0x0000018c6ba90874 method=java.util.HashMap.removeNode(ILjava/lang/Object;Ljava/lang/Object;ZZ)Ljava/util/HashMap$Node; @ 143 c2
Event: 26.731 Thread 0x0000018c7d0ba800 Uncommon trap: reason=class_check action=maybe_recompile pc=0x0000018c6ba90874 method=java.util.HashMap.removeNode(ILjava/lang/Object;Ljava/lang/Object;ZZ)Ljava/util/HashMap$Node; @ 143 c2

Classes redefined (0 events):
No events

Internal exceptions (10 events):
Event: 24.848 Thread 0x0000018c7e04b800 Exception <a 'java/lang/NoSuchMethodError'{0x0000000089fc2388}: static Lcom/android/build/api/variant/ResValue;.<clinit>()V> (0x0000000089fc2388) thrown at [./open/src/hotspot/share/prims/jni.cpp, line 1366]
Event: 25.739 Thread 0x0000018c7e052000 Exception <a 'java/lang/NoSuchMethodError'{0x000000008d3f2078}: static Lcom/android/build/gradle/internal/scope/InternalArtifactType;.<clinit>()V> (0x000000008d3f2078) thrown at [./open/src/hotspot/share/prims/jni.cpp, line 1366]
Event: 25.739 Thread 0x0000018c7e052000 Exception <a 'java/lang/NoSuchMethodError'{0x000000008d3f36b8}: static Lcom/android/build/gradle/internal/scope/InternalArtifactType;.<clinit>()V> (0x000000008d3f36b8) thrown at [./open/src/hotspot/share/prims/jni.cpp, line 1366]
Event: 25.739 Thread 0x0000018c7e052000 Exception <a 'java/lang/NoSuchMethodError'{0x000000008d3f8a60}: static Lcom/android/build/api/artifact/Artifact$Single;.<clinit>()V> (0x000000008d3f8a60) thrown at [./open/src/hotspot/share/prims/jni.cpp, line 1366]
Event: 25.741 Thread 0x0000018c7e052000 Exception <a 'java/lang/NoSuchMethodError'{0x000000008d212330}: static Lcom/android/build/api/artifact/ArtifactKind;.<clinit>()V> (0x000000008d212330) thrown at [./open/src/hotspot/share/prims/jni.cpp, line 1366]
Event: 25.741 Thread 0x0000018c7e052000 Exception <a 'java/lang/NoSuchMethodError'{0x000000008d213830}: static Lcom/android/build/api/artifact/ArtifactKind;.<clinit>()V> (0x000000008d213830) thrown at [./open/src/hotspot/share/prims/jni.cpp, line 1366]
Event: 25.933 Thread 0x0000018c0141e800 Implicit null exception at 0x0000018c6bc6aa8c to 0x0000018c6bc6bbb0
Event: 25.936 Thread 0x0000018c7e055000 Implicit null exception at 0x0000018c6bc37004 to 0x0000018c6bc3733c
Event: 26.519 Thread 0x0000018c003d0000 Exception <a 'java/lang/OutOfMemoryError'{0x000000008ff04448}> (0x000000008ff04448) thrown at [./open/src/hotspot/share/prims/jni.cpp, line 632]
Event: 26.580 Thread 0x0000018c7e04a800 Exception <a 'java/lang/StackOverflowError'{0x000000008f796ee0}> (0x000000008f796ee0) thrown at [./open/src/hotspot/share/interpreter/interpreterRuntime.cpp, line 392]

Events (10 events):
Event: 26.729 Executing VM operation: RevokeBias done
Event: 26.730 Executing VM operation: RevokeBias
Event: 26.730 Executing VM operation: RevokeBias done
Event: 26.730 Thread 0x0000018c7e04d000 Thread exited: 0x0000018c7e04d000
Event: 26.731 Thread 0x0000018c7d0ba800 Uncommon trap: trap_request=0xffffffde fr.pc=0x0000018c6ba90874 relative=0x0000000000000834
Event: 26.731 Thread 0x0000018c7d0ba800 DEOPT PACKING pc=0x0000018c6ba90874 sp=0x0000007439bfc1d0
Event: 26.731 Thread 0x0000018c7d0ba800 DEOPT UNPACKING pc=0x0000018c638b662f sp=0x0000007439bfc168 mode 2
Event: 26.731 loading class org/gradle/execution/plan/DefaultPlanExecutor$MergedQueues
Event: 26.731 loading class org/gradle/execution/plan/DefaultPlanExecutor$MergedQueues done
Event: 26.732 Executing VM operation: RevokeBias


Dynamic libraries:
0x00007ff711500000 - 0x00007ff711510000 	C:\Program Files\Java\jdk-11\bin\java.exe
0x00007fffe2e10000 - 0x00007fffe3008000 	C:\Windows\SYSTEM32\ntdll.dll
0x00007fffe0ff0000 - 0x00007fffe10af000 	C:\Windows\System32\KERNEL32.DLL
0x00007fffe09d0000 - 0x00007fffe0cc6000 	C:\Windows\System32\KERNELBASE.dll
0x00007fffe04f0000 - 0x00007fffe05f0000 	C:\Windows\System32\ucrtbase.dll
0x00007fffdabc0000 - 0x00007fffdabd8000 	C:\Program Files\Java\jdk-11\bin\jli.dll
0x00007fffe2580000 - 0x00007fffe262f000 	C:\Windows\System32\ADVAPI32.dll
0x00007fffe2bd0000 - 0x00007fffe2c6e000 	C:\Windows\System32\msvcrt.dll
0x00007fffe10b0000 - 0x00007fffe114c000 	C:\Windows\System32\sechost.dll
0x00007fffca060000 - 0x00007fffca07b000 	C:\Program Files\Java\jdk-11\bin\VCRUNTIME140.dll
0x00007fffe12f0000 - 0x00007fffe1416000 	C:\Windows\System32\RPCRT4.dll
0x00007fffe1150000 - 0x00007fffe12ed000 	C:\Windows\System32\USER32.dll
0x00007fffe05f0000 - 0x00007fffe0612000 	C:\Windows\System32\win32u.dll
0x00007fffe0ef0000 - 0x00007fffe0f1c000 	C:\Windows\System32\GDI32.dll
0x00007fffd1830000 - 0x00007fffd1aca000 	C:\Windows\WinSxS\amd64_microsoft.windows.common-controls_6595b64144ccf1df_6.0.19041.1110_none_60b5254171f9507e\COMCTL32.dll
0x00007fffe0620000 - 0x00007fffe0735000 	C:\Windows\System32\gdi32full.dll
0x00007fffe08a0000 - 0x00007fffe093d000 	C:\Windows\System32\msvcp_win.dll
0x00007fffdbf40000 - 0x00007fffdbf4a000 	C:\Windows\SYSTEM32\VERSION.dll
0x00007fffe2da0000 - 0x00007fffe2dd0000 	C:\Windows\System32\IMM32.DLL
0x00007fffdad70000 - 0x00007fffdad7c000 	C:\Program Files\Java\jdk-11\bin\vcruntime140_1.dll
0x00007fffb3b70000 - 0x00007fffb3bfe000 	C:\Program Files\Java\jdk-11\bin\msvcp140.dll
0x00007fff75d40000 - 0x00007fff768a8000 	C:\Program Files\Java\jdk-11\bin\server\jvm.dll
0x00007fffe1630000 - 0x00007fffe1638000 	C:\Windows\System32\PSAPI.DLL
0x00007fffd16e0000 - 0x00007fffd16e9000 	C:\Windows\SYSTEM32\WSOCK32.dll
0x00007fffd0fb0000 - 0x00007fffd0fd7000 	C:\Windows\SYSTEM32\WINMM.dll
0x00007fffe1720000 - 0x00007fffe178b000 	C:\Windows\System32\WS2_32.dll
0x00007fffde2f0000 - 0x00007fffde302000 	C:\Windows\SYSTEM32\kernel.appcore.dll
0x00007fffdb3c0000 - 0x00007fffdb3d0000 	C:\Program Files\Java\jdk-11\bin\verify.dll
0x00007fffd8750000 - 0x00007fffd8934000 	C:\Windows\SYSTEM32\DBGHELP.DLL
0x00007fffd8390000 - 0x00007fffd83c4000 	C:\Windows\SYSTEM32\dbgcore.DLL
0x00007fffe0940000 - 0x00007fffe09c2000 	C:\Windows\System32\bcryptPrimitives.dll
0x00007fffbcb70000 - 0x00007fffbcb98000 	C:\Program Files\Java\jdk-11\bin\java.dll
0x00007fffdb3b0000 - 0x00007fffdb3ba000 	C:\Program Files\Java\jdk-11\bin\jimage.dll
0x00007fffc9e60000 - 0x00007fffc9e77000 	C:\Program Files\Java\jdk-11\bin\zip.dll
0x00007fffe1dd0000 - 0x00007fffe2514000 	C:\Windows\System32\SHELL32.dll
0x00007fffde5d0000 - 0x00007fffded63000 	C:\Windows\SYSTEM32\windows.storage.dll
0x00007fffe27c0000 - 0x00007fffe2b14000 	C:\Windows\System32\combase.dll
0x00007fffdff50000 - 0x00007fffdff7e000 	C:\Windows\SYSTEM32\Wldp.dll
0x00007fffe2b20000 - 0x00007fffe2bcd000 	C:\Windows\System32\SHCORE.dll
0x00007fffe2760000 - 0x00007fffe27b5000 	C:\Windows\System32\shlwapi.dll
0x00007fffe0430000 - 0x00007fffe044f000 	C:\Windows\SYSTEM32\profapi.dll
0x00007fffc9e00000 - 0x00007fffc9e19000 	C:\Program Files\Java\jdk-11\bin\net.dll
0x00007fffd8600000 - 0x00007fffd870a000 	C:\Windows\SYSTEM32\WINHTTP.dll
0x00007fffdfbd0000 - 0x00007fffdfc3a000 	C:\Windows\system32\mswsock.dll
0x00007fffc9cf0000 - 0x00007fffc9d02000 	C:\Program Files\Java\jdk-11\bin\nio.dll
0x00007fffd3f80000 - 0x00007fffd3fa7000 	C:\Users\Moi\.gradle\native\e1d6ef7f7dcc3fd88c89a11ec53ec762bb8ba0a96d01ffa2cd45eb1d1d8dd5c5\windows-amd64\native-platform.dll
0x00007fffc1d30000 - 0x00007fffc1e74000 	C:\Users\Moi\.gradle\native\0d407fdbe67a94daf76414ababcb853783967236a71b16ec16e742cd7a986fd3\windows-amd64\native-platform-file-events.dll
0x00007fffdbbf0000 - 0x00007fffdbbf9000 	C:\Program Files\Java\jdk-11\bin\management.dll
0x00007fffdbbe0000 - 0x00007fffdbbeb000 	C:\Program Files\Java\jdk-11\bin\management_ext.dll
0x00007fffdfe30000 - 0x00007fffdfe48000 	C:\Windows\SYSTEM32\CRYPTSP.dll
0x00007fffdf4f0000 - 0x00007fffdf524000 	C:\Windows\system32\rsaenh.dll
0x00007fffe0d20000 - 0x00007fffe0d47000 	C:\Windows\System32\bcrypt.dll
0x00007fffe03f0000 - 0x00007fffe041e000 	C:\Windows\SYSTEM32\USERENV.dll
0x00007fffdfe50000 - 0x00007fffdfe5c000 	C:\Windows\SYSTEM32\CRYPTBASE.dll
0x00007fffdf8c0000 - 0x00007fffdf8fc000 	C:\Windows\SYSTEM32\IPHLPAPI.DLL
0x00007fffe2c70000 - 0x00007fffe2c78000 	C:\Windows\System32\NSI.dll
0x00007fffda8f0000 - 0x00007fffda907000 	C:\Windows\SYSTEM32\dhcpcsvc6.DLL
0x00007fffda8d0000 - 0x00007fffda8ed000 	C:\Windows\SYSTEM32\dhcpcsvc.DLL
0x00007fffdf900000 - 0x00007fffdf9cb000 	C:\Windows\SYSTEM32\DNSAPI.dll
0x00007fffdc200000 - 0x00007fffdc20d000 	C:\Program Files\Java\jdk-11\bin\sunmscapi.dll
0x00007fffe0740000 - 0x00007fffe089e000 	C:\Windows\System32\CRYPT32.dll
0x00007fffdffc0000 - 0x00007fffdffe8000 	C:\Windows\SYSTEM32\ncrypt.dll
0x00007fffdff80000 - 0x00007fffdffbb000 	C:\Windows\SYSTEM32\NTASN1.dll
0x00007fffd00e0000 - 0x00007fffd0107000 	C:\Program Files\Java\jdk-11\bin\sunec.dll
0x00007fffd61c0000 - 0x00007fffd61ca000 	C:\Windows\System32\rasadhlp.dll
0x00007fffd5fd0000 - 0x00007fffd6052000 	C:\Windows\System32\fwpuclnt.dll

dbghelp: loaded successfully - version: 4.0.5 - missing functions: none
symbol engine: initialized successfully - sym options: 0x614 - pdb path: .;C:\Program Files\Java\jdk-11\bin;C:\Windows\SYSTEM32;C:\Windows\WinSxS\amd64_microsoft.windows.common-controls_6595b64144ccf1df_6.0.19041.1110_none_60b5254171f9507e;C:\Program Files\Java\jdk-11\bin\server;C:\Users\Moi\.gradle\native\e1d6ef7f7dcc3fd88c89a11ec53ec762bb8ba0a96d01ffa2cd45eb1d1d8dd5c5\windows-amd64;C:\Users\Moi\.gradle\native\0d407fdbe67a94daf76414ababcb853783967236a71b16ec16e742cd7a986fd3\windows-amd64

VM Arguments:
jvm_args: -XX:MaxMetaspaceSize=512m --add-opens=java.base/java.util=ALL-UNNAMED --add-opens=java.base/java.lang=ALL-UNNAMED --add-opens=java.base/java.lang.invoke=ALL-UNNAMED --add-opens=java.base/java.util=ALL-UNNAMED --add-opens=java.prefs/java.util.prefs=ALL-UNNAMED --add-opens=java.prefs/java.util.prefs=ALL-UNNAMED --add-opens=java.base/java.nio.charset=ALL-UNNAMED --add-opens=java.base/java.net=ALL-UNNAMED --add-opens=java.base/java.util.concurrent.atomic=ALL-UNNAMED -Xmx2048m -Dfile.encoding=windows-1252 -Duser.country=US -Duser.language=en -Duser.variant 
java_command: org.gradle.launcher.daemon.bootstrap.GradleDaemon 7.5.1
java_class_path (initial): C:\Users\Moi\.gradle\wrapper\dists\gradle-7.5.1-all\1ehga6e77gqps5uk2kc5kf1vc\gradle-7.5.1\lib\gradle-launcher-7.5.1.jar
Launcher Type: SUN_STANDARD

[Global flags]
     intx CICompilerCount                          = 4                                         {product} {ergonomic}
   size_t CompressedClassSpaceSize                 = 528482304                                 {product} {ergonomic}
     uint ConcGCThreads                            = 2                                         {product} {ergonomic}
     uint G1ConcRefinementThreads                  = 8                                         {product} {ergonomic}
   size_t G1HeapRegionSize                         = 1048576                                   {product} {ergonomic}
    uintx GCDrainStackTargetSize                   = 64                                        {product} {ergonomic}
   size_t InitialHeapSize                          = 268435456                                 {product} {ergonomic}
   size_t MarkStackSize                            = 4194304                                   {product} {ergonomic}
   size_t MaxHeapSize                              = 2147483648                                {product} {command line}
   size_t MaxMetaspaceSize                         = 536870912                                 {product} {command line}
   size_t MaxNewSize                               = 1287651328                                {product} {ergonomic}
   size_t MinHeapDeltaBytes                        = 1048576                                   {product} {ergonomic}
    uintx NonNMethodCodeHeapSize                   = 5836300                                {pd product} {ergonomic}
    uintx NonProfiledCodeHeapSize                  = 122910970                              {pd product} {ergonomic}
    uintx ProfiledCodeHeapSize                     = 122910970                              {pd product} {ergonomic}
    uintx ReservedCodeCacheSize                    = 251658240                              {pd product} {ergonomic}
     bool SegmentedCodeCache                       = true                                      {product} {ergonomic}
     bool UseCompressedClassPointers               = true                                 {lp64_product} {ergonomic}
     bool UseCompressedOops                        = true                                 {lp64_product} {ergonomic}
     bool UseG1GC                                  = true                                      {product} {ergonomic}
     bool UseLargePagesIndividualAllocation        = false                                  {pd product} {ergonomic}

Logging:
Log output configuration:
 #0: stdout all=warning uptime,level,tags
 #1: stderr all=off uptime,level,tags

Environment Variables:
JAVA_HOME=C:\Program Files\Java\jdk-11
CLASSPATH=E:\TypeORM_SQLite\TypeORM_SQLite\android\\gradle\wrapper\gradle-wrapper.jar
PATH=E:\TypeORM_SQLite\TypeORM_SQLite\android\node_modules\.bin;E:\TypeORM_SQLite\TypeORM_SQLite\node_modules\.bin;E:\TypeORM_SQLite\node_modules\.bin;E:\node_modules\.bin;C:\Program Files\nodejs;E:\TypeORM_SQLite\TypeORM_SQLite\node_modules\.bin;E:\TypeORM_SQLite\TypeORM_SQLite\node_modules\.bin;E:\TypeORM_SQLite\node_modules\.bin;E:\node_modules\.bin;C:\Users\Moi\AppData\Roaming\nvm\v16.19.1\node_modules\npm\node_modules\@npmcli\run-script\lib\node-gyp-bin;E:\TypeORM_SQLite\TypeORM_SQLite\node_modules\.bin;E:\TypeORM_SQLite\node_modules\.bin;E:\node_modules\.bin;C:\Program Files\nodejs;C:\Users\Moi\AppData\Local\Temp\yarn--1684127217154-0.6277723145962513;E:\TypeORM_SQLite\TypeORM_SQLite\node_modules\.bin;C:\Users\Moi\AppData\Local\Yarn\Data\link\node_modules\.bin;C:\Users\Moi\AppData\Local\Yarn\bin;C:\Program Files\libexec\lib\node_modules\npm\bin\node-gyp-bin;C:\Program Files\lib\node_modules\npm\bin\node-gyp-bin;C:\Program Files\nodejs\node_modules\npm\bin\node-gyp-bin;C:\Users\Moi\AppData\Local\Microsoft\WindowsApps;C:\Users\Moi\AppData\Local\GitHubDesktop\bin;C:\Users\Moi\AppData\Roaming\npm;C:\Users\Moi\AppData\Local\Programs\Microsoft VS Code\bin;C:\Users\Moi\AppData\Roaming\nvm;C:\Program Files\nodejs;C:\Users\Moi\AppData\Roaming\Composer\vendor\bin;C:\wamp64\bin\php\php8.1.13;C:\Users\Moi\AppData\Local\Packages\PythonSoftwareFoundation.Python.3.10_qbz5n2kfra8p0\LocalCache\local-packages\Python310\Scripts;c:\users\moi\appdata\local\packages\pythonsoftwarefoundation.python.3.10_qbz5n2kfra8p0\localcache\local-packages\python310\site-packages;C:\Program Files\Git\cmd;C:\Program Files\dotnet\;C:\Users\Moi\.android;C:\sqlite3;C:\Users\Moi\AppData\Local\Microsoft\WindowsApps;C:\Users\Moi\AppData\Local\GitHubDesktop\bin;C:\Users\Moi\AppData\Roaming\npm;C:\Users\Moi\AppData\Local\Programs\Microsoft VS Code\bin;C:\Users\Moi\AppData\Roaming\nvm;C:\Program Files\nodejs;C:\Users\Moi\AppData\Roaming\Composer\vendor\bin;C:\wamp64\bin\php\php8.1.13;C:\Users\Moi\AppData\Loca
USERNAME=Moi
OS=Windows_NT
PROCESSOR_IDENTIFIER=Intel64 Family 6 Model 158 Stepping 13, GenuineIntel



---------------  S Y S T E M  ---------------

OS: Windows 10 , 64 bit Build 19041 (10.0.19041.2913)

CPU:total 8 (initial active 8) (8 cores per cpu, 1 threads per core) family 6 model 158 stepping 13 microcode 0xca, cmov, cx8, fxsr, mmx, sse, sse2, sse3, ssse3, sse4.1, sse4.2, popcnt, avx, avx2, aes, clmul, erms, 3dnowpref, lzcnt, tsc, tscinvbit, bmi1, bmi2, adx, fma

Memory: 4k page, system-wide physical 16328M (2898M free)
TotalPageFile size 18376M (AvailPageFile size 17M)
current process WorkingSet (physical memory assigned to process): 550M, peak: 556M
current process commit charge ("private bytes"): 597M, peak: 605M

vm_info: Java HotSpot(TM) 64-Bit Server VM (11.0.18+9-LTS-195) for windows-amd64 JRE (11.0.18+9-LTS-195), built on Dec  6 2022 15:50:58 by "mach5one" with MS VC++ 17.1 (VS2022)

END.
